CRITICAL - 2023-02-24 10:18:56 --> syntax error, unexpected token "echo", expecting ";"
in APPPATH\Controllers\UniformesController.php on line 17.
 1 SYSTEMPATH\Autoloader\Autoloader.php(259): CodeIgniter\Autoloader\Autoloader->includeFile('APPPATH\\Controllers\\UniformesController.php')
 2 SYSTEMPATH\Autoloader\Autoloader.php(237): CodeIgniter\Autoloader\Autoloader->loadInNamespace('App\\Controllers\\UniformesController')
 3 [internal function]: CodeIgniter\Autoloader\Autoloader->loadClass('App\\Controllers\\UniformesController')
 4 SYSTEMPATH\CodeIgniter.php(877): class_exists('\\App\\Controllers\\UniformesController', true)
 5 SYSTEMPATH\CodeIgniter.php(469): CodeIgniter\CodeIgniter->startController()
 6 SYSTEMPATH\CodeIgniter.php(351): CodeIgniter\CodeIgniter->handleRequest(null, Object(Config\Cache), false)
 7 FCPATH\index.php(67): CodeIgniter\CodeIgniter->run()
CRITICAL - 2023-02-24 10:26:46 --> Undefined variable $empleados
in APPPATH\Views\uniformes\uniformes.php on line 35.
 1 APPPATH\Views\uniformes\uniformes.php(35): CodeIgniter\Debug\Exceptions->errorHandler(2, 'Undefined variable $empleados', 'APPPATH\\Views\\uniformes\\uniformes.php', 35)
 2 SYSTEMPATH\View\View.php(213): include('APPPATH\\Views\\uniformes\\uniformes.php')
 3 SYSTEMPATH\View\View.php(216): CodeIgniter\View\View->CodeIgniter\View\{closure}()
 4 SYSTEMPATH\Common.php(1134): CodeIgniter\View\View->render('uniformes/uniformes', [], true)
 5 APPPATH\Controllers\UniformeController.php(16): view('uniformes/uniformes', [...])
 6 SYSTEMPATH\CodeIgniter.php(927): App\Controllers\UniformeController->index()
 7 SYSTEMPATH\CodeIgniter.php(482): CodeIgniter\CodeIgniter->runController(Object(App\Controllers\UniformeController))
 8 SYSTEMPATH\CodeIgniter.php(351): CodeIgniter\CodeIgniter->handleRequest(null, Object(Config\Cache), false)
 9 FCPATH\index.php(67): CodeIgniter\CodeIgniter->run()
CRITICAL - 2023-02-24 11:21:16 --> Undefined variable $empleado
in APPPATH\Controllers\UniformeController.php on line 15.
 1 APPPATH\Controllers\UniformeController.php(15): CodeIgniter\Debug\Exceptions->errorHandler(2, 'Undefined variable $empleado', 'APPPATH\\Controllers\\UniformeController.php', 15)
 2 SYSTEMPATH\CodeIgniter.php(927): App\Controllers\UniformeController->index()
 3 SYSTEMPATH\CodeIgniter.php(482): CodeIgniter\CodeIgniter->runController(Object(App\Controllers\UniformeController))
 4 SYSTEMPATH\CodeIgniter.php(351): CodeIgniter\CodeIgniter->handleRequest(null, Object(Config\Cache), false)
 5 FCPATH\index.php(67): CodeIgniter\CodeIgniter->run()
CRITICAL - 2023-02-24 12:02:32 --> Call to a member function isValid() on null
in APPPATH\Controllers\UniformeController.php on line 24.
 1 SYSTEMPATH\CodeIgniter.php(927): App\Controllers\UniformeController->guardarUniforme()
 2 SYSTEMPATH\CodeIgniter.php(482): CodeIgniter\CodeIgniter->runController(Object(App\Controllers\UniformeController))
 3 SYSTEMPATH\CodeIgniter.php(351): CodeIgniter\CodeIgniter->handleRequest(null, Object(Config\Cache), false)
 4 FCPATH\index.php(67): CodeIgniter\CodeIgniter->run()
CRITICAL - 2023-02-24 12:49:24 --> syntax error, unexpected token "if"
in APPPATH\Views\uniformes\uniformes.php on line 35.
 1 SYSTEMPATH\View\View.php(216): CodeIgniter\View\View->CodeIgniter\View\{closure}()
 2 SYSTEMPATH\Common.php(1134): CodeIgniter\View\View->render('uniformes/uniformes', [], true)
 3 APPPATH\Controllers\UniformeController.php(19): view('uniformes/uniformes', [...])
 4 SYSTEMPATH\CodeIgniter.php(927): App\Controllers\UniformeController->index()
 5 SYSTEMPATH\CodeIgniter.php(482): CodeIgniter\CodeIgniter->runController(Object(App\Controllers\UniformeController))
 6 SYSTEMPATH\CodeIgniter.php(351): CodeIgniter\CodeIgniter->handleRequest(null, Object(Config\Cache), false)
 7 FCPATH\index.php(67): CodeIgniter\CodeIgniter->run()
CRITICAL - 2023-02-24 13:02:20 --> syntax error, unexpected token "}"
in APPPATH\Views\uniformes\uniformes.php on line 34.
 1 SYSTEMPATH\View\View.php(216): CodeIgniter\View\View->CodeIgniter\View\{closure}()
 2 SYSTEMPATH\Common.php(1134): CodeIgniter\View\View->render('uniformes/uniformes', [], true)
 3 APPPATH\Controllers\UniformeController.php(19): view('uniformes/uniformes', [...])
 4 SYSTEMPATH\CodeIgniter.php(927): App\Controllers\UniformeController->index()
 5 SYSTEMPATH\CodeIgniter.php(482): CodeIgniter\CodeIgniter->runController(Object(App\Controllers\UniformeController))
 6 SYSTEMPATH\CodeIgniter.php(351): CodeIgniter\CodeIgniter->handleRequest(null, Object(Config\Cache), false)
 7 FCPATH\index.php(67): CodeIgniter\CodeIgniter->run()
CRITICAL - 2023-02-24 13:03:09 --> syntax error, unexpected token "}"
in APPPATH\Views\uniformes\uniformes.php on line 36.
 1 SYSTEMPATH\View\View.php(216): CodeIgniter\View\View->CodeIgniter\View\{closure}()
 2 SYSTEMPATH\Common.php(1134): CodeIgniter\View\View->render('uniformes/uniformes', [], true)
 3 APPPATH\Controllers\UniformeController.php(19): view('uniformes/uniformes', [...])
 4 SYSTEMPATH\CodeIgniter.php(927): App\Controllers\UniformeController->index()
 5 SYSTEMPATH\CodeIgniter.php(482): CodeIgniter\CodeIgniter->runController(Object(App\Controllers\UniformeController))
 6 SYSTEMPATH\CodeIgniter.php(351): CodeIgniter\CodeIgniter->handleRequest(null, Object(Config\Cache), false)
 7 FCPATH\index.php(67): CodeIgniter\CodeIgniter->run()
CRITICAL - 2023-02-24 14:48:04 --> Cannot access offset of type string on string
in APPPATH\Views\uniformes\uniformes.php on line 146.
 1 SYSTEMPATH\View\View.php(213): include()
 2 SYSTEMPATH\View\View.php(216): CodeIgniter\View\View->CodeIgniter\View\{closure}()
 3 SYSTEMPATH\Common.php(1134): CodeIgniter\View\View->render('uniformes/uniformes', [], true)
 4 APPPATH\Controllers\UniformeController.php(19): view('uniformes/uniformes', [...])
 5 SYSTEMPATH\CodeIgniter.php(927): App\Controllers\UniformeController->index()
 6 SYSTEMPATH\CodeIgniter.php(482): CodeIgniter\CodeIgniter->runController(Object(App\Controllers\UniformeController))
 7 SYSTEMPATH\CodeIgniter.php(351): CodeIgniter\CodeIgniter->handleRequest(null, Object(Config\Cache), false)
 8 FCPATH\index.php(67): CodeIgniter\CodeIgniter->run()
CRITICAL - 2023-02-24 14:48:20 --> Cannot access offset of type string on string
in APPPATH\Views\uniformes\uniformes.php on line 146.
 1 SYSTEMPATH\View\View.php(213): include()
 2 SYSTEMPATH\View\View.php(216): CodeIgniter\View\View->CodeIgniter\View\{closure}()
 3 SYSTEMPATH\Common.php(1134): CodeIgniter\View\View->render('uniformes/uniformes', [], true)
 4 APPPATH\Controllers\UniformeController.php(19): view('uniformes/uniformes', [...])
 5 SYSTEMPATH\CodeIgniter.php(927): App\Controllers\UniformeController->index()
 6 SYSTEMPATH\CodeIgniter.php(482): CodeIgniter\CodeIgniter->runController(Object(App\Controllers\UniformeController))
 7 SYSTEMPATH\CodeIgniter.php(351): CodeIgniter\CodeIgniter->handleRequest(null, Object(Config\Cache), false)
 8 FCPATH\index.php(67): CodeIgniter\CodeIgniter->run()
CRITICAL - 2023-02-24 14:48:46 --> Cannot access offset of type string on string
in APPPATH\Views\uniformes\uniformes.php on line 146.
 1 SYSTEMPATH\View\View.php(213): include()
 2 SYSTEMPATH\View\View.php(216): CodeIgniter\View\View->CodeIgniter\View\{closure}()
 3 SYSTEMPATH\Common.php(1134): CodeIgniter\View\View->render('uniformes/uniformes', [], true)
 4 APPPATH\Controllers\UniformeController.php(19): view('uniformes/uniformes', [...])
 5 SYSTEMPATH\CodeIgniter.php(927): App\Controllers\UniformeController->index()
 6 SYSTEMPATH\CodeIgniter.php(482): CodeIgniter\CodeIgniter->runController(Object(App\Controllers\UniformeController))
 7 SYSTEMPATH\CodeIgniter.php(351): CodeIgniter\CodeIgniter->handleRequest(null, Object(Config\Cache), false)
 8 FCPATH\index.php(67): CodeIgniter\CodeIgniter->run()
