CRITICAL - 2023-02-08 09:54:52 --> Undefined array key "id"
in APPPATH\Views\empleados\empleado.php on line 75.
 1 APPPATH\Views\empleados\empleado.php(75): CodeIgniter\Debug\Exceptions->errorHandler(2, 'Undefined array key "id"', 'APPPATH\\Views\\empleados\\empleado.php', 75)
 2 SYSTEMPATH\View\View.php(213): include('APPPATH\\Views\\empleados\\empleado.php')
 3 SYSTEMPATH\View\View.php(216): CodeIgniter\View\View->CodeIgniter\View\{closure}()
 4 SYSTEMPATH\Common.php(1134): CodeIgniter\View\View->render('empleados/empleado', [], true)
 5 APPPATH\Controllers\EmpleadoController.php(13): view('empleados/empleado', [...])
 6 SYSTEMPATH\CodeIgniter.php(927): App\Controllers\EmpleadoController->index()
 7 SYSTEMPATH\CodeIgniter.php(482): CodeIgniter\CodeIgniter->runController(Object(App\Controllers\EmpleadoController))
 8 SYSTEMPATH\CodeIgniter.php(351): CodeIgniter\CodeIgniter->handleRequest(null, Object(Config\Cache), false)
 9 FCPATH\index.php(67): CodeIgniter\CodeIgniter->run()
CRITICAL - 2023-02-08 10:05:59 --> Undefined array key "id"
in APPPATH\Views\empleados\empleado.php on line 75.
 1 APPPATH\Views\empleados\empleado.php(75): CodeIgniter\Debug\Exceptions->errorHandler(2, 'Undefined array key "id"', 'APPPATH\\Views\\empleados\\empleado.php', 75)
 2 SYSTEMPATH\View\View.php(213): include('APPPATH\\Views\\empleados\\empleado.php')
 3 SYSTEMPATH\View\View.php(216): CodeIgniter\View\View->CodeIgniter\View\{closure}()
 4 SYSTEMPATH\Common.php(1134): CodeIgniter\View\View->render('empleados/empleado', [], true)
 5 APPPATH\Controllers\EmpleadoController.php(13): view('empleados/empleado', [...])
 6 SYSTEMPATH\CodeIgniter.php(927): App\Controllers\EmpleadoController->index()
 7 SYSTEMPATH\CodeIgniter.php(482): CodeIgniter\CodeIgniter->runController(Object(App\Controllers\EmpleadoController))
 8 SYSTEMPATH\CodeIgniter.php(351): CodeIgniter\CodeIgniter->handleRequest(null, Object(Config\Cache), false)
 9 FCPATH\index.php(67): CodeIgniter\CodeIgniter->run()
CRITICAL - 2023-02-08 10:06:36 --> Undefined array key "id"
in APPPATH\Views\empleados\empleado.php on line 75.
 1 APPPATH\Views\empleados\empleado.php(75): CodeIgniter\Debug\Exceptions->errorHandler(2, 'Undefined array key "id"', 'APPPATH\\Views\\empleados\\empleado.php', 75)
 2 SYSTEMPATH\View\View.php(213): include('APPPATH\\Views\\empleados\\empleado.php')
 3 SYSTEMPATH\View\View.php(216): CodeIgniter\View\View->CodeIgniter\View\{closure}()
 4 SYSTEMPATH\Common.php(1134): CodeIgniter\View\View->render('empleados/empleado', [], true)
 5 APPPATH\Controllers\EmpleadoController.php(13): view('empleados/empleado', [...])
 6 SYSTEMPATH\CodeIgniter.php(927): App\Controllers\EmpleadoController->index()
 7 SYSTEMPATH\CodeIgniter.php(482): CodeIgniter\CodeIgniter->runController(Object(App\Controllers\EmpleadoController))
 8 SYSTEMPATH\CodeIgniter.php(351): CodeIgniter\CodeIgniter->handleRequest(null, Object(Config\Cache), false)
 9 FCPATH\index.php(67): CodeIgniter\CodeIgniter->run()
CRITICAL - 2023-02-08 10:08:12 --> Undefined array key "id"
in APPPATH\Views\empleados\empleado.php on line 75.
 1 APPPATH\Views\empleados\empleado.php(75): CodeIgniter\Debug\Exceptions->errorHandler(2, 'Undefined array key "id"', 'APPPATH\\Views\\empleados\\empleado.php', 75)
 2 SYSTEMPATH\View\View.php(213): include('APPPATH\\Views\\empleados\\empleado.php')
 3 SYSTEMPATH\View\View.php(216): CodeIgniter\View\View->CodeIgniter\View\{closure}()
 4 SYSTEMPATH\Common.php(1134): CodeIgniter\View\View->render('empleados/empleado', [], true)
 5 APPPATH\Controllers\EmpleadoController.php(13): view('empleados/empleado', [...])
 6 SYSTEMPATH\CodeIgniter.php(927): App\Controllers\EmpleadoController->index()
 7 SYSTEMPATH\CodeIgniter.php(482): CodeIgniter\CodeIgniter->runController(Object(App\Controllers\EmpleadoController))
 8 SYSTEMPATH\CodeIgniter.php(351): CodeIgniter\CodeIgniter->handleRequest(null, Object(Config\Cache), false)
 9 FCPATH\index.php(67): CodeIgniter\CodeIgniter->run()
CRITICAL - 2023-02-08 10:08:59 --> Undefined array key "id"
in APPPATH\Views\empleados\empleado.php on line 76.
 1 APPPATH\Views\empleados\empleado.php(76): CodeIgniter\Debug\Exceptions->errorHandler(2, 'Undefined array key "id"', 'APPPATH\\Views\\empleados\\empleado.php', 76)
 2 SYSTEMPATH\View\View.php(213): include('APPPATH\\Views\\empleados\\empleado.php')
 3 SYSTEMPATH\View\View.php(216): CodeIgniter\View\View->CodeIgniter\View\{closure}()
 4 SYSTEMPATH\Common.php(1134): CodeIgniter\View\View->render('empleados/empleado', [], true)
 5 APPPATH\Controllers\EmpleadoController.php(13): view('empleados/empleado', [...])
 6 SYSTEMPATH\CodeIgniter.php(927): App\Controllers\EmpleadoController->index()
 7 SYSTEMPATH\CodeIgniter.php(482): CodeIgniter\CodeIgniter->runController(Object(App\Controllers\EmpleadoController))
 8 SYSTEMPATH\CodeIgniter.php(351): CodeIgniter\CodeIgniter->handleRequest(null, Object(Config\Cache), false)
 9 FCPATH\index.php(67): CodeIgniter\CodeIgniter->run()
CRITICAL - 2023-02-08 10:13:56 --> Undefined variable $id
in APPPATH\Views\empleados\empleado.php on line 77.
 1 APPPATH\Views\empleados\empleado.php(77): CodeIgniter\Debug\Exceptions->errorHandler(2, 'Undefined variable $id', 'APPPATH\\Views\\empleados\\empleado.php', 77)
 2 SYSTEMPATH\View\View.php(213): include('APPPATH\\Views\\empleados\\empleado.php')
 3 SYSTEMPATH\View\View.php(216): CodeIgniter\View\View->CodeIgniter\View\{closure}()
 4 SYSTEMPATH\Common.php(1134): CodeIgniter\View\View->render('empleados/empleado', [], true)
 5 APPPATH\Controllers\EmpleadoController.php(13): view('empleados/empleado', [...])
 6 SYSTEMPATH\CodeIgniter.php(927): App\Controllers\EmpleadoController->index()
 7 SYSTEMPATH\CodeIgniter.php(482): CodeIgniter\CodeIgniter->runController(Object(App\Controllers\EmpleadoController))
 8 SYSTEMPATH\CodeIgniter.php(351): CodeIgniter\CodeIgniter->handleRequest(null, Object(Config\Cache), false)
 9 FCPATH\index.php(67): CodeIgniter\CodeIgniter->run()
CRITICAL - 2023-02-08 10:14:20 --> Undefined variable $id
in APPPATH\Views\empleados\empleado.php on line 77.
 1 APPPATH\Views\empleados\empleado.php(77): CodeIgniter\Debug\Exceptions->errorHandler(2, 'Undefined variable $id', 'APPPATH\\Views\\empleados\\empleado.php', 77)
 2 SYSTEMPATH\View\View.php(213): include('APPPATH\\Views\\empleados\\empleado.php')
 3 SYSTEMPATH\View\View.php(216): CodeIgniter\View\View->CodeIgniter\View\{closure}()
 4 SYSTEMPATH\Common.php(1134): CodeIgniter\View\View->render('empleados/empleado', [], true)
 5 APPPATH\Controllers\EmpleadoController.php(13): view('empleados/empleado', [...])
 6 SYSTEMPATH\CodeIgniter.php(927): App\Controllers\EmpleadoController->index()
 7 SYSTEMPATH\CodeIgniter.php(482): CodeIgniter\CodeIgniter->runController(Object(App\Controllers\EmpleadoController))
 8 SYSTEMPATH\CodeIgniter.php(351): CodeIgniter\CodeIgniter->handleRequest(null, Object(Config\Cache), false)
 9 FCPATH\index.php(67): CodeIgniter\CodeIgniter->run()
CRITICAL - 2023-02-08 10:14:24 --> Undefined variable $id
in APPPATH\Views\empleados\empleado.php on line 77.
 1 APPPATH\Views\empleados\empleado.php(77): CodeIgniter\Debug\Exceptions->errorHandler(2, 'Undefined variable $id', 'APPPATH\\Views\\empleados\\empleado.php', 77)
 2 SYSTEMPATH\View\View.php(213): include('APPPATH\\Views\\empleados\\empleado.php')
 3 SYSTEMPATH\View\View.php(216): CodeIgniter\View\View->CodeIgniter\View\{closure}()
 4 SYSTEMPATH\Common.php(1134): CodeIgniter\View\View->render('empleados/empleado', [], true)
 5 APPPATH\Controllers\EmpleadoController.php(13): view('empleados/empleado', [...])
 6 SYSTEMPATH\CodeIgniter.php(927): App\Controllers\EmpleadoController->index()
 7 SYSTEMPATH\CodeIgniter.php(482): CodeIgniter\CodeIgniter->runController(Object(App\Controllers\EmpleadoController))
 8 SYSTEMPATH\CodeIgniter.php(351): CodeIgniter\CodeIgniter->handleRequest(null, Object(Config\Cache), false)
 9 FCPATH\index.php(67): CodeIgniter\CodeIgniter->run()
CRITICAL - 2023-02-08 10:14:24 --> Undefined variable $id
in APPPATH\Views\empleados\empleado.php on line 77.
 1 APPPATH\Views\empleados\empleado.php(77): CodeIgniter\Debug\Exceptions->errorHandler(2, 'Undefined variable $id', 'APPPATH\\Views\\empleados\\empleado.php', 77)
 2 SYSTEMPATH\View\View.php(213): include('APPPATH\\Views\\empleados\\empleado.php')
 3 SYSTEMPATH\View\View.php(216): CodeIgniter\View\View->CodeIgniter\View\{closure}()
 4 SYSTEMPATH\Common.php(1134): CodeIgniter\View\View->render('empleados/empleado', [], true)
 5 APPPATH\Controllers\EmpleadoController.php(13): view('empleados/empleado', [...])
 6 SYSTEMPATH\CodeIgniter.php(927): App\Controllers\EmpleadoController->index()
 7 SYSTEMPATH\CodeIgniter.php(482): CodeIgniter\CodeIgniter->runController(Object(App\Controllers\EmpleadoController))
 8 SYSTEMPATH\CodeIgniter.php(351): CodeIgniter\CodeIgniter->handleRequest(null, Object(Config\Cache), false)
 9 FCPATH\index.php(67): CodeIgniter\CodeIgniter->run()
CRITICAL - 2023-02-08 10:15:01 --> syntax error, unexpected token ";", expecting ")"
in APPPATH\Views\empleados\empleado.php on line 77.
 1 SYSTEMPATH\View\View.php(216): CodeIgniter\View\View->CodeIgniter\View\{closure}()
 2 SYSTEMPATH\Common.php(1134): CodeIgniter\View\View->render('empleados/empleado', [], true)
 3 APPPATH\Controllers\EmpleadoController.php(13): view('empleados/empleado', [...])
 4 SYSTEMPATH\CodeIgniter.php(927): App\Controllers\EmpleadoController->index()
 5 SYSTEMPATH\CodeIgniter.php(482): CodeIgniter\CodeIgniter->runController(Object(App\Controllers\EmpleadoController))
 6 SYSTEMPATH\CodeIgniter.php(351): CodeIgniter\CodeIgniter->handleRequest(null, Object(Config\Cache), false)
 7 FCPATH\index.php(67): CodeIgniter\CodeIgniter->run()
CRITICAL - 2023-02-08 10:15:03 --> syntax error, unexpected token ";", expecting ")"
in APPPATH\Views\empleados\empleado.php on line 77.
 1 SYSTEMPATH\View\View.php(216): CodeIgniter\View\View->CodeIgniter\View\{closure}()
 2 SYSTEMPATH\Common.php(1134): CodeIgniter\View\View->render('empleados/empleado', [], true)
 3 APPPATH\Controllers\EmpleadoController.php(13): view('empleados/empleado', [...])
 4 SYSTEMPATH\CodeIgniter.php(927): App\Controllers\EmpleadoController->index()
 5 SYSTEMPATH\CodeIgniter.php(482): CodeIgniter\CodeIgniter->runController(Object(App\Controllers\EmpleadoController))
 6 SYSTEMPATH\CodeIgniter.php(351): CodeIgniter\CodeIgniter->handleRequest(null, Object(Config\Cache), false)
 7 FCPATH\index.php(67): CodeIgniter\CodeIgniter->run()
CRITICAL - 2023-02-08 10:15:07 --> syntax error, unexpected token ";", expecting ")"
in APPPATH\Views\empleados\empleado.php on line 77.
 1 SYSTEMPATH\View\View.php(216): CodeIgniter\View\View->CodeIgniter\View\{closure}()
 2 SYSTEMPATH\Common.php(1134): CodeIgniter\View\View->render('empleados/empleado', [], true)
 3 APPPATH\Controllers\EmpleadoController.php(13): view('empleados/empleado', [...])
 4 SYSTEMPATH\CodeIgniter.php(927): App\Controllers\EmpleadoController->index()
 5 SYSTEMPATH\CodeIgniter.php(482): CodeIgniter\CodeIgniter->runController(Object(App\Controllers\EmpleadoController))
 6 SYSTEMPATH\CodeIgniter.php(351): CodeIgniter\CodeIgniter->handleRequest(null, Object(Config\Cache), false)
 7 FCPATH\index.php(67): CodeIgniter\CodeIgniter->run()
CRITICAL - 2023-02-08 17:12:40 --> Undefined variable $empleado
in APPPATH\Views\empleados\empleadoPrint.php on line 13.
 1 APPPATH\Views\empleados\empleadoPrint.php(13): CodeIgniter\Debug\Exceptions->errorHandler(2, 'Undefined variable $empleado', 'APPPATH\\Views\\empleados\\empleadoPrint.php', 13)
 2 SYSTEMPATH\View\View.php(213): include('APPPATH\\Views\\empleados\\empleadoPrint.php')
 3 SYSTEMPATH\View\View.php(216): CodeIgniter\View\View->CodeIgniter\View\{closure}()
 4 SYSTEMPATH\Common.php(1134): CodeIgniter\View\View->render('empleados/empleadoPrint', [], true)
 5 APPPATH\Controllers\EmpleadoController.php(163): view('empleados/empleadoPrint')
 6 SYSTEMPATH\CodeIgniter.php(927): App\Controllers\EmpleadoController->empleadoPrint()
 7 SYSTEMPATH\CodeIgniter.php(482): CodeIgniter\CodeIgniter->runController(Object(App\Controllers\EmpleadoController))
 8 SYSTEMPATH\CodeIgniter.php(351): CodeIgniter\CodeIgniter->handleRequest(null, Object(Config\Cache), false)
 9 FCPATH\index.php(67): CodeIgniter\CodeIgniter->run()
CRITICAL - 2023-02-08 17:27:28 --> Undefined variable $empleados
in APPPATH\Views\empleados\editarEmpleado.php on line 295.
 1 APPPATH\Views\empleados\editarEmpleado.php(295): CodeIgniter\Debug\Exceptions->errorHandler(2, 'Undefined variable $empleados', 'APPPATH\\Views\\empleados\\editarEmpleado.php', 295)
 2 SYSTEMPATH\View\View.php(213): include('APPPATH\\Views\\empleados\\editarEmpleado.php')
 3 SYSTEMPATH\View\View.php(216): CodeIgniter\View\View->CodeIgniter\View\{closure}()
 4 SYSTEMPATH\Common.php(1134): CodeIgniter\View\View->render('empleados/editarEmpleado', [], true)
 5 APPPATH\Controllers\EmpleadoController.php(68): view('empleados/editarEmpleado', [...])
 6 SYSTEMPATH\CodeIgniter.php(927): App\Controllers\EmpleadoController->editEmpleado('1')
 7 SYSTEMPATH\CodeIgniter.php(482): CodeIgniter\CodeIgniter->runController(Object(App\Controllers\EmpleadoController))
 8 SYSTEMPATH\CodeIgniter.php(351): CodeIgniter\CodeIgniter->handleRequest(null, Object(Config\Cache), false)
 9 FCPATH\index.php(67): CodeIgniter\CodeIgniter->run()
CRITICAL - 2023-02-08 17:47:15 --> Undefined variable $empleados
in APPPATH\Views\empleados\editarEmpleado.php on line 296.
 1 APPPATH\Views\empleados\editarEmpleado.php(296): CodeIgniter\Debug\Exceptions->errorHandler(2, 'Undefined variable $empleados', 'APPPATH\\Views\\empleados\\editarEmpleado.php', 296)
 2 SYSTEMPATH\View\View.php(213): include('APPPATH\\Views\\empleados\\editarEmpleado.php')
 3 SYSTEMPATH\View\View.php(216): CodeIgniter\View\View->CodeIgniter\View\{closure}()
 4 SYSTEMPATH\Common.php(1134): CodeIgniter\View\View->render('empleados/editarEmpleado', [], true)
 5 APPPATH\Controllers\EmpleadoController.php(68): view('empleados/editarEmpleado', [...])
 6 SYSTEMPATH\CodeIgniter.php(927): App\Controllers\EmpleadoController->editEmpleado('1')
 7 SYSTEMPATH\CodeIgniter.php(482): CodeIgniter\CodeIgniter->runController(Object(App\Controllers\EmpleadoController))
 8 SYSTEMPATH\CodeIgniter.php(351): CodeIgniter\CodeIgniter->handleRequest(null, Object(Config\Cache), false)
 9 FCPATH\index.php(67): CodeIgniter\CodeIgniter->run()
