CRITICAL - 2023-03-07 10:13:37 --> syntax error, unexpected '$this' (T_VARIABLE), expecting ']'
in APPPATH/Controllers/EmpleadoController.php on line 62.
 1 SYSTEMPATH/Autoloader/Autoloader.php(259): CodeIgniter\Autoloader\Autoloader->includeFile('APPPATH/Controllers/EmpleadoController.php')
 2 SYSTEMPATH/Autoloader/Autoloader.php(237): CodeIgniter\Autoloader\Autoloader->loadInNamespace('App\\Controllers\\EmpleadoController')
 3 [internal function]: CodeIgniter\Autoloader\Autoloader->loadClass('App\\Controllers\\EmpleadoController')
 4 [internal function]: spl_autoload_call('App\\Controllers\\EmpleadoController')
 5 SYSTEMPATH/CodeIgniter.php(877): class_exists('\\App\\Controllers\\EmpleadoController', true)
 6 SYSTEMPATH/CodeIgniter.php(469): CodeIgniter\CodeIgniter->startController()
 7 SYSTEMPATH/CodeIgniter.php(351): CodeIgniter\CodeIgniter->handleRequest(null, Object(Config\Cache), false)
 8 FCPATH/index.php(67): CodeIgniter\CodeIgniter->run()
CRITICAL - 2023-03-07 10:31:02 --> syntax error, unexpected ','
in APPPATH/Controllers/EmpleadoController.php on line 37.
 1 SYSTEMPATH/Autoloader/Autoloader.php(259): CodeIgniter\Autoloader\Autoloader->includeFile('APPPATH/Controllers/EmpleadoController.php')
 2 SYSTEMPATH/Autoloader/Autoloader.php(237): CodeIgniter\Autoloader\Autoloader->loadInNamespace('App\\Controllers\\EmpleadoController')
 3 [internal function]: CodeIgniter\Autoloader\Autoloader->loadClass('App\\Controllers\\EmpleadoController')
 4 [internal function]: spl_autoload_call('App\\Controllers\\EmpleadoController')
 5 SYSTEMPATH/CodeIgniter.php(877): class_exists('\\App\\Controllers\\EmpleadoController', true)
 6 SYSTEMPATH/CodeIgniter.php(469): CodeIgniter\CodeIgniter->startController()
 7 SYSTEMPATH/CodeIgniter.php(351): CodeIgniter\CodeIgniter->handleRequest(null, Object(Config\Cache), false)
 8 FCPATH/index.php(67): CodeIgniter\CodeIgniter->run()
CRITICAL - 2023-03-07 10:31:12 --> Call to undefined function App\Controllers\move()
in APPPATH/Controllers/EmpleadoController.php on line 37.
 1 SYSTEMPATH/CodeIgniter.php(927): App\Controllers\EmpleadoController->guardarEmpleado()
 2 SYSTEMPATH/CodeIgniter.php(482): CodeIgniter\CodeIgniter->runController(Object(App\Controllers\EmpleadoController))
 3 SYSTEMPATH/CodeIgniter.php(351): CodeIgniter\CodeIgniter->handleRequest(null, Object(Config\Cache), false)
 4 FCPATH/index.php(67): CodeIgniter\CodeIgniter->run()
CRITICAL - 2023-03-07 10:34:44 --> syntax error, unexpected ','
in APPPATH/Controllers/EmpleadoController.php on line 37.
 1 SYSTEMPATH/Autoloader/Autoloader.php(259): CodeIgniter\Autoloader\Autoloader->includeFile('APPPATH/Controllers/EmpleadoController.php')
 2 SYSTEMPATH/Autoloader/Autoloader.php(237): CodeIgniter\Autoloader\Autoloader->loadInNamespace('App\\Controllers\\EmpleadoController')
 3 [internal function]: CodeIgniter\Autoloader\Autoloader->loadClass('App\\Controllers\\EmpleadoController')
 4 [internal function]: spl_autoload_call('App\\Controllers\\EmpleadoController')
 5 SYSTEMPATH/CodeIgniter.php(877): class_exists('\\App\\Controllers\\EmpleadoController', true)
 6 SYSTEMPATH/CodeIgniter.php(469): CodeIgniter\CodeIgniter->startController()
 7 SYSTEMPATH/CodeIgniter.php(351): CodeIgniter\CodeIgniter->handleRequest(null, Object(Config\Cache), false)
 8 FCPATH/index.php(67): CodeIgniter\CodeIgniter->run()
CRITICAL - 2023-03-07 10:35:04 --> syntax error, unexpected ','
in APPPATH/Controllers/EmpleadoController.php on line 37.
 1 SYSTEMPATH/Autoloader/Autoloader.php(259): CodeIgniter\Autoloader\Autoloader->includeFile('APPPATH/Controllers/EmpleadoController.php')
 2 SYSTEMPATH/Autoloader/Autoloader.php(237): CodeIgniter\Autoloader\Autoloader->loadInNamespace('App\\Controllers\\EmpleadoController')
 3 [internal function]: CodeIgniter\Autoloader\Autoloader->loadClass('App\\Controllers\\EmpleadoController')
 4 [internal function]: spl_autoload_call('App\\Controllers\\EmpleadoController')
 5 SYSTEMPATH/CodeIgniter.php(877): class_exists('\\App\\Controllers\\EmpleadoController', true)
 6 SYSTEMPATH/CodeIgniter.php(469): CodeIgniter\CodeIgniter->startController()
 7 SYSTEMPATH/CodeIgniter.php(351): CodeIgniter\CodeIgniter->handleRequest(null, Object(Config\Cache), false)
 8 FCPATH/index.php(67): CodeIgniter\CodeIgniter->run()
CRITICAL - 2023-03-07 11:41:02 --> syntax error, unexpected 'if' (T_IF)
in APPPATH/Controllers/EmpleadoController.php on line 39.
 1 SYSTEMPATH/Autoloader/Autoloader.php(259): CodeIgniter\Autoloader\Autoloader->includeFile('APPPATH/Controllers/EmpleadoController.php')
 2 SYSTEMPATH/Autoloader/Autoloader.php(237): CodeIgniter\Autoloader\Autoloader->loadInNamespace('App\\Controllers\\EmpleadoController')
 3 [internal function]: CodeIgniter\Autoloader\Autoloader->loadClass('App\\Controllers\\EmpleadoController')
 4 [internal function]: spl_autoload_call('App\\Controllers\\EmpleadoController')
 5 SYSTEMPATH/CodeIgniter.php(877): class_exists('\\App\\Controllers\\EmpleadoController', true)
 6 SYSTEMPATH/CodeIgniter.php(469): CodeIgniter\CodeIgniter->startController()
 7 SYSTEMPATH/CodeIgniter.php(351): CodeIgniter\CodeIgniter->handleRequest(null, Object(Config\Cache), false)
 8 FCPATH/index.php(67): CodeIgniter\CodeIgniter->run()
CRITICAL - 2023-03-07 11:53:56 --> syntax error, unexpected 'if' (T_IF)
in APPPATH/Controllers/EmpleadoController.php on line 39.
 1 SYSTEMPATH/Autoloader/Autoloader.php(259): CodeIgniter\Autoloader\Autoloader->includeFile('APPPATH/Controllers/EmpleadoController.php')
 2 SYSTEMPATH/Autoloader/Autoloader.php(237): CodeIgniter\Autoloader\Autoloader->loadInNamespace('App\\Controllers\\EmpleadoController')
 3 [internal function]: CodeIgniter\Autoloader\Autoloader->loadClass('App\\Controllers\\EmpleadoController')
 4 [internal function]: spl_autoload_call('App\\Controllers\\EmpleadoController')
 5 SYSTEMPATH/CodeIgniter.php(877): class_exists('\\App\\Controllers\\EmpleadoController', true)
 6 SYSTEMPATH/CodeIgniter.php(469): CodeIgniter\CodeIgniter->startController()
 7 SYSTEMPATH/CodeIgniter.php(351): CodeIgniter\CodeIgniter->handleRequest(null, Object(Config\Cache), false)
 8 FCPATH/index.php(67): CodeIgniter\CodeIgniter->run()
CRITICAL - 2023-03-07 13:44:30 --> syntax error, unexpected '}'
in APPPATH/Controllers/EmpleadoController.php on line 53.
 1 SYSTEMPATH/Autoloader/Autoloader.php(259): CodeIgniter\Autoloader\Autoloader->includeFile('APPPATH/Controllers/EmpleadoController.php')
 2 SYSTEMPATH/Autoloader/Autoloader.php(237): CodeIgniter\Autoloader\Autoloader->loadInNamespace('App\\Controllers\\EmpleadoController')
 3 [internal function]: CodeIgniter\Autoloader\Autoloader->loadClass('App\\Controllers\\EmpleadoController')
 4 [internal function]: spl_autoload_call('App\\Controllers\\EmpleadoController')
 5 SYSTEMPATH/CodeIgniter.php(877): class_exists('\\App\\Controllers\\EmpleadoController', true)
 6 SYSTEMPATH/CodeIgniter.php(469): CodeIgniter\CodeIgniter->startController()
 7 SYSTEMPATH/CodeIgniter.php(351): CodeIgniter\CodeIgniter->handleRequest(null, Object(Config\Cache), false)
 8 FCPATH/index.php(67): CodeIgniter\CodeIgniter->run()
CRITICAL - 2023-03-07 14:10:53 --> syntax error, unexpected '$nombreEmpleado' (T_VARIABLE)
in APPPATH/Controllers/UniformeController.php on line 36.
 1 SYSTEMPATH/Autoloader/Autoloader.php(259): CodeIgniter\Autoloader\Autoloader->includeFile('APPPATH/Controllers/UniformeController.php')
 2 SYSTEMPATH/Autoloader/Autoloader.php(237): CodeIgniter\Autoloader\Autoloader->loadInNamespace('App\\Controllers\\UniformeController')
 3 [internal function]: CodeIgniter\Autoloader\Autoloader->loadClass('App\\Controllers\\UniformeController')
 4 [internal function]: spl_autoload_call('App\\Controllers\\UniformeController')
 5 SYSTEMPATH/CodeIgniter.php(877): class_exists('\\App\\Controllers\\UniformeController', true)
 6 SYSTEMPATH/CodeIgniter.php(469): CodeIgniter\CodeIgniter->startController()
 7 SYSTEMPATH/CodeIgniter.php(351): CodeIgniter\CodeIgniter->handleRequest(null, Object(Config\Cache), false)
 8 FCPATH/index.php(67): CodeIgniter\CodeIgniter->run()
CRITICAL - 2023-03-07 14:11:14 --> syntax error, unexpected '$nombreEmpleado' (T_VARIABLE)
in APPPATH/Controllers/UniformeController.php on line 36.
 1 SYSTEMPATH/Autoloader/Autoloader.php(259): CodeIgniter\Autoloader\Autoloader->includeFile('APPPATH/Controllers/UniformeController.php')
 2 SYSTEMPATH/Autoloader/Autoloader.php(237): CodeIgniter\Autoloader\Autoloader->loadInNamespace('App\\Controllers\\UniformeController')
 3 [internal function]: CodeIgniter\Autoloader\Autoloader->loadClass('App\\Controllers\\UniformeController')
 4 [internal function]: spl_autoload_call('App\\Controllers\\UniformeController')
 5 SYSTEMPATH/CodeIgniter.php(877): class_exists('\\App\\Controllers\\UniformeController', true)
 6 SYSTEMPATH/CodeIgniter.php(469): CodeIgniter\CodeIgniter->startController()
 7 SYSTEMPATH/CodeIgniter.php(351): CodeIgniter\CodeIgniter->handleRequest(null, Object(Config\Cache), false)
 8 FCPATH/index.php(67): CodeIgniter\CodeIgniter->run()
CRITICAL - 2023-03-07 14:11:29 --> syntax error, unexpected '$nombreEmpleado' (T_VARIABLE)
in APPPATH/Controllers/UniformeController.php on line 36.
 1 SYSTEMPATH/Autoloader/Autoloader.php(259): CodeIgniter\Autoloader\Autoloader->includeFile('APPPATH/Controllers/UniformeController.php')
 2 SYSTEMPATH/Autoloader/Autoloader.php(237): CodeIgniter\Autoloader\Autoloader->loadInNamespace('App\\Controllers\\UniformeController')
 3 [internal function]: CodeIgniter\Autoloader\Autoloader->loadClass('App\\Controllers\\UniformeController')
 4 [internal function]: spl_autoload_call('App\\Controllers\\UniformeController')
 5 SYSTEMPATH/CodeIgniter.php(877): class_exists('\\App\\Controllers\\UniformeController', true)
 6 SYSTEMPATH/CodeIgniter.php(469): CodeIgniter\CodeIgniter->startController()
 7 SYSTEMPATH/CodeIgniter.php(351): CodeIgniter\CodeIgniter->handleRequest(null, Object(Config\Cache), false)
 8 FCPATH/index.php(67): CodeIgniter\CodeIgniter->run()
CRITICAL - 2023-03-07 15:37:39 --> Object of class DateTime could not be converted to string
in APPPATH/Views/hijos/hijos.php on line 75.
 1 SYSTEMPATH/View/View.php(213): include()
 2 SYSTEMPATH/View/View.php(216): CodeIgniter\View\View->CodeIgniter\View\{closure}()
 3 SYSTEMPATH/Common.php(1134): CodeIgniter\View\View->render('hijos/hijos', [], true)
 4 APPPATH/Controllers/HijoController.php(19): view('hijos/hijos', [...])
 5 SYSTEMPATH/CodeIgniter.php(927): App\Controllers\HijoController->index()
 6 SYSTEMPATH/CodeIgniter.php(482): CodeIgniter\CodeIgniter->runController(Object(App\Controllers\HijoController))
 7 SYSTEMPATH/CodeIgniter.php(351): CodeIgniter\CodeIgniter->handleRequest(null, Object(Config\Cache), false)
 8 FCPATH/index.php(67): CodeIgniter\CodeIgniter->run()
CRITICAL - 2023-03-07 15:37:49 --> Object of class DateTime could not be converted to string
in APPPATH/Views/hijos/hijos.php on line 75.
 1 SYSTEMPATH/View/View.php(213): include()
 2 SYSTEMPATH/View/View.php(216): CodeIgniter\View\View->CodeIgniter\View\{closure}()
 3 SYSTEMPATH/Common.php(1134): CodeIgniter\View\View->render('hijos/hijos', [], true)
 4 APPPATH/Controllers/HijoController.php(19): view('hijos/hijos', [...])
 5 SYSTEMPATH/CodeIgniter.php(927): App\Controllers\HijoController->index()
 6 SYSTEMPATH/CodeIgniter.php(482): CodeIgniter\CodeIgniter->runController(Object(App\Controllers\HijoController))
 7 SYSTEMPATH/CodeIgniter.php(351): CodeIgniter\CodeIgniter->handleRequest(null, Object(Config\Cache), false)
 8 FCPATH/index.php(67): CodeIgniter\CodeIgniter->run()
CRITICAL - 2023-03-07 15:40:03 --> syntax error, unexpected ';', expecting ')'
in APPPATH/Views/hijos/hijos.php on line 75.
 1 SYSTEMPATH/View/View.php(216): CodeIgniter\View\View->CodeIgniter\View\{closure}()
 2 SYSTEMPATH/Common.php(1134): CodeIgniter\View\View->render('hijos/hijos', [], true)
 3 APPPATH/Controllers/HijoController.php(19): view('hijos/hijos', [...])
 4 SYSTEMPATH/CodeIgniter.php(927): App\Controllers\HijoController->index()
 5 SYSTEMPATH/CodeIgniter.php(482): CodeIgniter\CodeIgniter->runController(Object(App\Controllers\HijoController))
 6 SYSTEMPATH/CodeIgniter.php(351): CodeIgniter\CodeIgniter->handleRequest(null, Object(Config\Cache), false)
 7 FCPATH/index.php(67): CodeIgniter\CodeIgniter->run()
CRITICAL - 2023-03-07 15:40:51 --> Call to undefined function DateTime()
in APPPATH/Views/hijos/hijos.php on line 75.
 1 SYSTEMPATH/View/View.php(213): include()
 2 SYSTEMPATH/View/View.php(216): CodeIgniter\View\View->CodeIgniter\View\{closure}()
 3 SYSTEMPATH/Common.php(1134): CodeIgniter\View\View->render('hijos/hijos', [], true)
 4 APPPATH/Controllers/HijoController.php(19): view('hijos/hijos', [...])
 5 SYSTEMPATH/CodeIgniter.php(927): App\Controllers\HijoController->index()
 6 SYSTEMPATH/CodeIgniter.php(482): CodeIgniter\CodeIgniter->runController(Object(App\Controllers\HijoController))
 7 SYSTEMPATH/CodeIgniter.php(351): CodeIgniter\CodeIgniter->handleRequest(null, Object(Config\Cache), false)
 8 FCPATH/index.php(67): CodeIgniter\CodeIgniter->run()
CRITICAL - 2023-03-07 15:41:38 --> Object of class DateTime could not be converted to string
in APPPATH/Views/hijos/hijos.php on line 75.
 1 SYSTEMPATH/View/View.php(213): include()
 2 SYSTEMPATH/View/View.php(216): CodeIgniter\View\View->CodeIgniter\View\{closure}()
 3 SYSTEMPATH/Common.php(1134): CodeIgniter\View\View->render('hijos/hijos', [], true)
 4 APPPATH/Controllers/HijoController.php(19): view('hijos/hijos', [...])
 5 SYSTEMPATH/CodeIgniter.php(927): App\Controllers\HijoController->index()
 6 SYSTEMPATH/CodeIgniter.php(482): CodeIgniter\CodeIgniter->runController(Object(App\Controllers\HijoController))
 7 SYSTEMPATH/CodeIgniter.php(351): CodeIgniter\CodeIgniter->handleRequest(null, Object(Config\Cache), false)
 8 FCPATH/index.php(67): CodeIgniter\CodeIgniter->run()
CRITICAL - 2023-03-07 15:44:37 --> Object of class DateTime could not be converted to string
in APPPATH/Views/hijos/hijos.php on line 76.
 1 SYSTEMPATH/View/View.php(213): include()
 2 SYSTEMPATH/View/View.php(216): CodeIgniter\View\View->CodeIgniter\View\{closure}()
 3 SYSTEMPATH/Common.php(1134): CodeIgniter\View\View->render('hijos/hijos', [], true)
 4 APPPATH/Controllers/HijoController.php(19): view('hijos/hijos', [...])
 5 SYSTEMPATH/CodeIgniter.php(927): App\Controllers\HijoController->index()
 6 SYSTEMPATH/CodeIgniter.php(482): CodeIgniter\CodeIgniter->runController(Object(App\Controllers\HijoController))
 7 SYSTEMPATH/CodeIgniter.php(351): CodeIgniter\CodeIgniter->handleRequest(null, Object(Config\Cache), false)
 8 FCPATH/index.php(67): CodeIgniter\CodeIgniter->run()
CRITICAL - 2023-03-07 16:39:41 --> syntax error, unexpected '->' (T_OBJECT_OPERATOR), expecting ';' or ','
in APPPATH/Views/empleados/empleado.php on line 41.
 1 SYSTEMPATH/View/View.php(216): CodeIgniter\View\View->CodeIgniter\View\{closure}()
 2 SYSTEMPATH/Common.php(1134): CodeIgniter\View\View->render('empleados/empleado', [], true)
 3 APPPATH/Controllers/EmpleadoController.php(16): view('empleados/empleado', [...])
 4 SYSTEMPATH/CodeIgniter.php(927): App\Controllers\EmpleadoController->index()
 5 SYSTEMPATH/CodeIgniter.php(482): CodeIgniter\CodeIgniter->runController(Object(App\Controllers\EmpleadoController))
 6 SYSTEMPATH/CodeIgniter.php(351): CodeIgniter\CodeIgniter->handleRequest(null, Object(Config\Cache), false)
 7 FCPATH/index.php(67): CodeIgniter\CodeIgniter->run()
