ERROR - 2022-12-23 10:07:37 --> Error connecting to the database: mysqli_sql_exception: No se puede establecer una conexión ya que el equipo de destino denegó expresamente dicha conexión in C:\xampp\htdocs\sistemRH\system\Database\MySQLi\Connection.php:171
Stack trace:
#0 C:\xampp\htdocs\sistemRH\system\Database\MySQLi\Connection.php(171): mysqli->real_connect('localhost', 'root', '', 'adminpanel', 3306, '', 0)
#1 C:\xampp\htdocs\sistemRH\system\Database\BaseConnection.php(382): CodeIgniter\Database\MySQLi\Connection->connect(false)
#2 C:\xampp\htdocs\sistemRH\system\Database\BaseConnection.php(561): CodeIgniter\Database\BaseConnection->initialize()
#3 C:\xampp\htdocs\sistemRH\system\Database\BaseBuilder.php(1585): CodeIgniter\Database\BaseConnection->query('SELECT *\nFROM `...', Array, false)
#4 C:\xampp\htdocs\sistemRH\system\Model.php(223): CodeIgniter\Database\BaseBuilder->get()
#5 C:\xampp\htdocs\sistemRH\system\BaseModel.php(585): CodeIgniter\Model->doFindAll(0, 0)
#6 C:\xampp\htdocs\sistemRH\app\Controllers\UserController.php(12): CodeIgniter\BaseModel->findAll()
#7 C:\xampp\htdocs\sistemRH\system\CodeIgniter.php(927): App\Controllers\UserController->index()
#8 C:\xampp\htdocs\sistemRH\system\CodeIgniter.php(482): CodeIgniter\CodeIgniter->runController(Object(App\Controllers\UserController))
#9 C:\xampp\htdocs\sistemRH\system\CodeIgniter.php(351): CodeIgniter\CodeIgniter->handleRequest(NULL, Object(Config\Cache), false)
#10 C:\xampp\htdocs\sistemRH\index.php(67): CodeIgniter\CodeIgniter->run()
#11 {main}

Next CodeIgniter\Database\Exceptions\DatabaseException: No se puede establecer una conexión ya que el equipo de destino denegó expresamente dicha conexión in C:\xampp\htdocs\sistemRH\system\Database\MySQLi\Connection.php:215
Stack trace:
#0 C:\xampp\htdocs\sistemRH\system\Database\BaseConnection.php(382): CodeIgniter\Database\MySQLi\Connection->connect(false)
#1 C:\xampp\htdocs\sistemRH\system\Database\BaseConnection.php(561): CodeIgniter\Database\BaseConnection->initialize()
#2 C:\xampp\htdocs\sistemRH\system\Database\BaseBuilder.php(1585): CodeIgniter\Database\BaseConnection->query('SELECT *\nFROM `...', Array, false)
#3 C:\xampp\htdocs\sistemRH\system\Model.php(223): CodeIgniter\Database\BaseBuilder->get()
#4 C:\xampp\htdocs\sistemRH\system\BaseModel.php(585): CodeIgniter\Model->doFindAll(0, 0)
#5 C:\xampp\htdocs\sistemRH\app\Controllers\UserController.php(12): CodeIgniter\BaseModel->findAll()
#6 C:\xampp\htdocs\sistemRH\system\CodeIgniter.php(927): App\Controllers\UserController->index()
#7 C:\xampp\htdocs\sistemRH\system\CodeIgniter.php(482): CodeIgniter\CodeIgniter->runController(Object(App\Controllers\UserController))
#8 C:\xampp\htdocs\sistemRH\system\CodeIgniter.php(351): CodeIgniter\CodeIgniter->handleRequest(NULL, Object(Config\Cache), false)
#9 C:\xampp\htdocs\sistemRH\index.php(67): CodeIgniter\CodeIgniter->run()
#10 {main}
CRITICAL - 2022-12-23 10:07:37 --> Unable to connect to the database.
Main connection [MySQLi]: No se puede establecer una conexión ya que el equipo de destino denegó expresamente dicha conexión
in SYSTEMPATH\Database\BaseConnection.php on line 418.
 1 SYSTEMPATH\Database\BaseConnection.php(561): CodeIgniter\Database\BaseConnection->initialize()
 2 SYSTEMPATH\Database\BaseBuilder.php(1585): CodeIgniter\Database\BaseConnection->query('SELECT *
FROM `usuarios`
ORDER BY `id` ASC', [], false)
 3 SYSTEMPATH\Model.php(223): CodeIgniter\Database\BaseBuilder->get()
 4 SYSTEMPATH\BaseModel.php(585): CodeIgniter\Model->doFindAll(0, 0)
 5 APPPATH\Controllers\UserController.php(12): CodeIgniter\BaseModel->findAll()
 6 SYSTEMPATH\CodeIgniter.php(927): App\Controllers\UserController->index()
 7 SYSTEMPATH\CodeIgniter.php(482): CodeIgniter\CodeIgniter->runController(Object(App\Controllers\UserController))
 8 SYSTEMPATH\CodeIgniter.php(351): CodeIgniter\CodeIgniter->handleRequest(null, Object(Config\Cache), false)
 9 FCPATH\index.php(67): CodeIgniter\CodeIgniter->run()
CRITICAL - 2022-12-23 10:27:57 --> Undefined variable $libro
in APPPATH\Controllers\UserController.php on line 48.
 1 APPPATH\Controllers\UserController.php(48): CodeIgniter\Debug\Exceptions->errorHandler(2, 'Undefined variable $libro', 'APPPATH\\Controllers\\UserController.php', 48)
 2 SYSTEMPATH\CodeIgniter.php(927): App\Controllers\UserController->editUsuario('1')
 3 SYSTEMPATH\CodeIgniter.php(482): CodeIgniter\CodeIgniter->runController(Object(App\Controllers\UserController))
 4 SYSTEMPATH\CodeIgniter.php(351): CodeIgniter\CodeIgniter->handleRequest(null, Object(Config\Cache), false)
 5 FCPATH\index.php(67): CodeIgniter\CodeIgniter->run()
CRITICAL - 2022-12-23 10:43:49 --> Undefined variable $usuario
in APPPATH\Views\usuarios\editarUsuario.php on line 5.
 1 APPPATH\Views\usuarios\editarUsuario.php(5): CodeIgniter\Debug\Exceptions->errorHandler(2, 'Undefined variable $usuario', 'APPPATH\\Views\\usuarios\\editarUsuario.php', 5)
 2 SYSTEMPATH\View\View.php(213): include('APPPATH\\Views\\usuarios\\editarUsuario.php')
 3 SYSTEMPATH\View\View.php(216): CodeIgniter\View\View->CodeIgniter\View\{closure}()
 4 SYSTEMPATH\Common.php(1134): CodeIgniter\View\View->render('usuarios/editarUsuario', [], true)
 5 APPPATH\Controllers\UserController.php(48): view('usuarios/editarUsuario', [...])
 6 SYSTEMPATH\CodeIgniter.php(927): App\Controllers\UserController->editUsuario('2')
 7 SYSTEMPATH\CodeIgniter.php(482): CodeIgniter\CodeIgniter->runController(Object(App\Controllers\UserController))
 8 SYSTEMPATH\CodeIgniter.php(351): CodeIgniter\CodeIgniter->handleRequest(null, Object(Config\Cache), false)
 9 FCPATH\index.php(67): CodeIgniter\CodeIgniter->run()
