CRITICAL - 2023-04-03 14:28:14 --> syntax error, unexpected '{'
in APPPATH/Controllers/EmpleadoController.php on line 325.
 1 SYSTEMPATH/Autoloader/Autoloader.php(259): CodeIgniter\Autoloader\Autoloader->includeFile('APPPATH/Controllers/EmpleadoController.php')
 2 SYSTEMPATH/Autoloader/Autoloader.php(237): CodeIgniter\Autoloader\Autoloader->loadInNamespace('App\\Controllers\\EmpleadoController')
 3 [internal function]: CodeIgniter\Autoloader\Autoloader->loadClass('App\\Controllers\\EmpleadoController')
 4 [internal function]: spl_autoload_call('App\\Controllers\\EmpleadoController')
 5 SYSTEMPATH/CodeIgniter.php(877): class_exists('\\App\\Controllers\\EmpleadoController', true)
 6 SYSTEMPATH/CodeIgniter.php(469): CodeIgniter\CodeIgniter->startController()
 7 SYSTEMPATH/CodeIgniter.php(351): CodeIgniter\CodeIgniter->handleRequest(null, Object(Config\Cache), false)
 8 FCPATH/index.php(67): CodeIgniter\CodeIgniter->run()
CRITICAL - 2023-04-03 14:29:13 --> syntax error, unexpected ','
in APPPATH/Controllers/EmpleadoController.php on line 326.
 1 SYSTEMPATH/Autoloader/Autoloader.php(259): CodeIgniter\Autoloader\Autoloader->includeFile('APPPATH/Controllers/EmpleadoController.php')
 2 SYSTEMPATH/Autoloader/Autoloader.php(237): CodeIgniter\Autoloader\Autoloader->loadInNamespace('App\\Controllers\\EmpleadoController')
 3 [internal function]: CodeIgniter\Autoloader\Autoloader->loadClass('App\\Controllers\\EmpleadoController')
 4 [internal function]: spl_autoload_call('App\\Controllers\\EmpleadoController')
 5 SYSTEMPATH/CodeIgniter.php(877): class_exists('\\App\\Controllers\\EmpleadoController', true)
 6 SYSTEMPATH/CodeIgniter.php(469): CodeIgniter\CodeIgniter->startController()
 7 SYSTEMPATH/CodeIgniter.php(351): CodeIgniter\CodeIgniter->handleRequest(null, Object(Config\Cache), false)
 8 FCPATH/index.php(67): CodeIgniter\CodeIgniter->run()
CRITICAL - 2023-04-03 14:29:30 --> syntax error, unexpected ','
in APPPATH/Controllers/EmpleadoController.php on line 326.
 1 SYSTEMPATH/Autoloader/Autoloader.php(259): CodeIgniter\Autoloader\Autoloader->includeFile('APPPATH/Controllers/EmpleadoController.php')
 2 SYSTEMPATH/Autoloader/Autoloader.php(237): CodeIgniter\Autoloader\Autoloader->loadInNamespace('App\\Controllers\\EmpleadoController')
 3 [internal function]: CodeIgniter\Autoloader\Autoloader->loadClass('App\\Controllers\\EmpleadoController')
 4 [internal function]: spl_autoload_call('App\\Controllers\\EmpleadoController')
 5 SYSTEMPATH/CodeIgniter.php(877): class_exists('\\App\\Controllers\\EmpleadoController', true)
 6 SYSTEMPATH/CodeIgniter.php(469): CodeIgniter\CodeIgniter->startController()
 7 SYSTEMPATH/CodeIgniter.php(351): CodeIgniter\CodeIgniter->handleRequest(null, Object(Config\Cache), false)
 8 FCPATH/index.php(67): CodeIgniter\CodeIgniter->run()
