CRITICAL - 2023-03-16 13:39:01 --> Invalid file: actividades/actividades.php
in SYSTEMPATH/Exceptions/FrameworkException.php on line 33.
 1 SYSTEMPATH/View/View.php(201): CodeIgniter\Exceptions\FrameworkException::forInvalidFile('actividades/actividades.php')
 2 SYSTEMPATH/Common.php(1134): CodeIgniter\View\View->render('actividades/actividades', [], true)
 3 APPPATH/Controllers/ActividadController.php(19): view('actividades/actividades', [...])
 4 SYSTEMPATH/CodeIgniter.php(927): App\Controllers\ActividadController->index()
 5 SYSTEMPATH/CodeIgniter.php(482): CodeIgniter\CodeIgniter->runController(Object(App\Controllers\ActividadController))
 6 SYSTEMPATH/CodeIgniter.php(351): CodeIgniter\CodeIgniter->handleRequest(null, Object(Config\Cache), false)
 7 FCPATH/index.php(67): CodeIgniter\CodeIgniter->run()
CRITICAL - 2023-03-16 13:39:31 --> Invalid file: actividades/actividades.php
in SYSTEMPATH/Exceptions/FrameworkException.php on line 33.
 1 SYSTEMPATH/View/View.php(201): CodeIgniter\Exceptions\FrameworkException::forInvalidFile('actividades/actividades.php')
 2 SYSTEMPATH/Common.php(1134): CodeIgniter\View\View->render('actividades/actividades', [], true)
 3 APPPATH/Controllers/ActividadController.php(19): view('actividades/actividades', [...])
 4 SYSTEMPATH/CodeIgniter.php(927): App\Controllers\ActividadController->index()
 5 SYSTEMPATH/CodeIgniter.php(482): CodeIgniter\CodeIgniter->runController(Object(App\Controllers\ActividadController))
 6 SYSTEMPATH/CodeIgniter.php(351): CodeIgniter\CodeIgniter->handleRequest(null, Object(Config\Cache), false)
 7 FCPATH/index.php(67): CodeIgniter\CodeIgniter->run()
CRITICAL - 2023-03-16 18:28:45 --> syntax error, unexpected '(', expecting identifier (T_STRING) or variable (T_VARIABLE) or '{' or '$'
in APPPATH/Views/uniformes/uniformes.php on line 100.
 1 SYSTEMPATH/View/View.php(216): CodeIgniter\View\View->CodeIgniter\View\{closure}()
 2 SYSTEMPATH/Common.php(1134): CodeIgniter\View\View->render('uniformes/uniformes', [], true)
 3 APPPATH/Controllers/UniformeController.php(21): view('uniformes/uniformes', [...])
 4 SYSTEMPATH/CodeIgniter.php(927): App\Controllers\UniformeController->index()
 5 SYSTEMPATH/CodeIgniter.php(482): CodeIgniter\CodeIgniter->runController(Object(App\Controllers\UniformeController))
 6 SYSTEMPATH/CodeIgniter.php(351): CodeIgniter\CodeIgniter->handleRequest(null, Object(Config\Cache), false)
 7 FCPATH/index.php(67): CodeIgniter\CodeIgniter->run()
CRITICAL - 2023-03-16 18:33:17 --> syntax error, unexpected '(', expecting identifier (T_STRING) or variable (T_VARIABLE) or '{' or '$'
in APPPATH/Views/uniformes/uniformes.php on line 100.
 1 SYSTEMPATH/View/View.php(216): CodeIgniter\View\View->CodeIgniter\View\{closure}()
 2 SYSTEMPATH/Common.php(1134): CodeIgniter\View\View->render('uniformes/uniformes', [], true)
 3 APPPATH/Controllers/UniformeController.php(21): view('uniformes/uniformes', [...])
 4 SYSTEMPATH/CodeIgniter.php(927): App\Controllers\UniformeController->index()
 5 SYSTEMPATH/CodeIgniter.php(482): CodeIgniter\CodeIgniter->runController(Object(App\Controllers\UniformeController))
 6 SYSTEMPATH/CodeIgniter.php(351): CodeIgniter\CodeIgniter->handleRequest(null, Object(Config\Cache), false)
 7 FCPATH/index.php(67): CodeIgniter\CodeIgniter->run()
