CRITICAL - 2022-12-15 13:08:21 --> Invalid file: dashboard/usuario.php
in SYSTEMPATH\Exceptions\FrameworkException.php on line 33.
 1 SYSTEMPATH\View\View.php(201): CodeIgniter\Exceptions\FrameworkException::forInvalidFile('dashboard/usuario.php')
 2 SYSTEMPATH\Common.php(1134): CodeIgniter\View\View->render('dashboard/usuario', [], true)
 3 APPPATH\Controllers\UserController.php(20): view('dashboard/usuario', [...])
 4 SYSTEMPATH\CodeIgniter.php(927): App\Controllers\UserController->usuario()
 5 SYSTEMPATH\CodeIgniter.php(482): CodeIgniter\CodeIgniter->runController(Object(App\Controllers\UserController))
 6 SYSTEMPATH\CodeIgniter.php(351): CodeIgniter\CodeIgniter->handleRequest(null, Object(Config\Cache), false)
 7 FCPATH\index.php(67): CodeIgniter\CodeIgniter->run()
CRITICAL - 2022-12-15 13:09:48 --> Invalid file: dashboard/usuario.php
in SYSTEMPATH\Exceptions\FrameworkException.php on line 33.
 1 SYSTEMPATH\View\View.php(201): CodeIgniter\Exceptions\FrameworkException::forInvalidFile('dashboard/usuario.php')
 2 SYSTEMPATH\Common.php(1134): CodeIgniter\View\View->render('dashboard/usuario', [], true)
 3 APPPATH\Controllers\UserController.php(16): view('dashboard/usuario', [...])
 4 SYSTEMPATH\CodeIgniter.php(927): App\Controllers\UserController->usuario()
 5 SYSTEMPATH\CodeIgniter.php(482): CodeIgniter\CodeIgniter->runController(Object(App\Controllers\UserController))
 6 SYSTEMPATH\CodeIgniter.php(351): CodeIgniter\CodeIgniter->handleRequest(null, Object(Config\Cache), false)
 7 FCPATH\index.php(67): CodeIgniter\CodeIgniter->run()
CRITICAL - 2022-12-15 13:10:31 --> Invalid file: dashboard/usuario.php
in SYSTEMPATH\Exceptions\FrameworkException.php on line 33.
 1 SYSTEMPATH\View\View.php(201): CodeIgniter\Exceptions\FrameworkException::forInvalidFile('dashboard/usuario.php')
 2 SYSTEMPATH\Common.php(1134): CodeIgniter\View\View->render('dashboard/usuario', [], true)
 3 APPPATH\Controllers\UserController.php(20): view('dashboard/usuario', [...])
 4 SYSTEMPATH\CodeIgniter.php(927): App\Controllers\UserController->usuario()
 5 SYSTEMPATH\CodeIgniter.php(482): CodeIgniter\CodeIgniter->runController(Object(App\Controllers\UserController))
 6 SYSTEMPATH\CodeIgniter.php(351): CodeIgniter\CodeIgniter->handleRequest(null, Object(Config\Cache), false)
 7 FCPATH\index.php(67): CodeIgniter\CodeIgniter->run()
CRITICAL - 2022-12-15 13:12:31 --> Invalid file: dashboard/usuario.php
in SYSTEMPATH\Exceptions\FrameworkException.php on line 33.
 1 SYSTEMPATH\View\View.php(201): CodeIgniter\Exceptions\FrameworkException::forInvalidFile('dashboard/usuario.php')
 2 SYSTEMPATH\Common.php(1134): CodeIgniter\View\View->render('dashboard/usuario', [], true)
 3 APPPATH\Controllers\UserController.php(20): view('dashboard/usuario', [...])
 4 SYSTEMPATH\CodeIgniter.php(927): App\Controllers\UserController->usuario()
 5 SYSTEMPATH\CodeIgniter.php(482): CodeIgniter\CodeIgniter->runController(Object(App\Controllers\UserController))
 6 SYSTEMPATH\CodeIgniter.php(351): CodeIgniter\CodeIgniter->handleRequest(null, Object(Config\Cache), false)
 7 FCPATH\index.php(67): CodeIgniter\CodeIgniter->run()
CRITICAL - 2022-12-15 13:12:59 --> Invalid file: dashboard/usuario.php
in SYSTEMPATH\Exceptions\FrameworkException.php on line 33.
 1 SYSTEMPATH\View\View.php(201): CodeIgniter\Exceptions\FrameworkException::forInvalidFile('dashboard/usuario.php')
 2 SYSTEMPATH\Common.php(1134): CodeIgniter\View\View->render('dashboard/usuario', [], true)
 3 APPPATH\Controllers\UserController.php(16): view('dashboard/usuario', [...])
 4 SYSTEMPATH\CodeIgniter.php(927): App\Controllers\UserController->usuario()
 5 SYSTEMPATH\CodeIgniter.php(482): CodeIgniter\CodeIgniter->runController(Object(App\Controllers\UserController))
 6 SYSTEMPATH\CodeIgniter.php(351): CodeIgniter\CodeIgniter->handleRequest(null, Object(Config\Cache), false)
 7 FCPATH\index.php(67): CodeIgniter\CodeIgniter->run()
CRITICAL - 2022-12-15 13:13:07 --> Invalid file: dashboard/usuario.php
in SYSTEMPATH\Exceptions\FrameworkException.php on line 33.
 1 SYSTEMPATH\View\View.php(201): CodeIgniter\Exceptions\FrameworkException::forInvalidFile('dashboard/usuario.php')
 2 SYSTEMPATH\Common.php(1134): CodeIgniter\View\View->render('dashboard/usuario', [], true)
 3 APPPATH\Controllers\UserController.php(16): view('dashboard/usuario', [...])
 4 SYSTEMPATH\CodeIgniter.php(927): App\Controllers\UserController->usuario()
 5 SYSTEMPATH\CodeIgniter.php(482): CodeIgniter\CodeIgniter->runController(Object(App\Controllers\UserController))
 6 SYSTEMPATH\CodeIgniter.php(351): CodeIgniter\CodeIgniter->handleRequest(null, Object(Config\Cache), false)
 7 FCPATH\index.php(67): CodeIgniter\CodeIgniter->run()
CRITICAL - 2022-12-15 13:13:14 --> Invalid file: dashboard/usuario.php
in SYSTEMPATH\Exceptions\FrameworkException.php on line 33.
 1 SYSTEMPATH\View\View.php(201): CodeIgniter\Exceptions\FrameworkException::forInvalidFile('dashboard/usuario.php')
 2 SYSTEMPATH\Common.php(1134): CodeIgniter\View\View->render('dashboard/usuario', [], true)
 3 APPPATH\Controllers\UserController.php(16): view('dashboard/usuario', [...])
 4 SYSTEMPATH\CodeIgniter.php(927): App\Controllers\UserController->usuario()
 5 SYSTEMPATH\CodeIgniter.php(482): CodeIgniter\CodeIgniter->runController(Object(App\Controllers\UserController))
 6 SYSTEMPATH\CodeIgniter.php(351): CodeIgniter\CodeIgniter->handleRequest(null, Object(Config\Cache), false)
 7 FCPATH\index.php(67): CodeIgniter\CodeIgniter->run()
CRITICAL - 2022-12-15 13:14:01 --> Invalid file: dashboard/usuario.php
in SYSTEMPATH\Exceptions\FrameworkException.php on line 33.
 1 SYSTEMPATH\View\View.php(201): CodeIgniter\Exceptions\FrameworkException::forInvalidFile('dashboard/usuario.php')
 2 SYSTEMPATH\Common.php(1134): CodeIgniter\View\View->render('dashboard/usuario', [], true)
 3 APPPATH\Controllers\UserController.php(14): view('dashboard/usuario', [...])
 4 SYSTEMPATH\CodeIgniter.php(927): App\Controllers\UserController->usuario()
 5 SYSTEMPATH\CodeIgniter.php(482): CodeIgniter\CodeIgniter->runController(Object(App\Controllers\UserController))
 6 SYSTEMPATH\CodeIgniter.php(351): CodeIgniter\CodeIgniter->handleRequest(null, Object(Config\Cache), false)
 7 FCPATH\index.php(67): CodeIgniter\CodeIgniter->run()
CRITICAL - 2022-12-15 13:14:36 --> Invalid file: dashboard/usuario.php
in SYSTEMPATH\Exceptions\FrameworkException.php on line 33.
 1 SYSTEMPATH\View\View.php(201): CodeIgniter\Exceptions\FrameworkException::forInvalidFile('dashboard/usuario.php')
 2 SYSTEMPATH\Common.php(1134): CodeIgniter\View\View->render('dashboard/usuario', [], true)
 3 APPPATH\Controllers\UserController.php(16): view('dashboard/usuario', [...])
 4 SYSTEMPATH\CodeIgniter.php(927): App\Controllers\UserController->usuario()
 5 SYSTEMPATH\CodeIgniter.php(482): CodeIgniter\CodeIgniter->runController(Object(App\Controllers\UserController))
 6 SYSTEMPATH\CodeIgniter.php(351): CodeIgniter\CodeIgniter->handleRequest(null, Object(Config\Cache), false)
 7 FCPATH\index.php(67): CodeIgniter\CodeIgniter->run()
CRITICAL - 2022-12-15 13:16:55 --> Invalid file: dashboard/usuario.php
in SYSTEMPATH\Exceptions\FrameworkException.php on line 33.
 1 SYSTEMPATH\View\View.php(201): CodeIgniter\Exceptions\FrameworkException::forInvalidFile('dashboard/usuario.php')
 2 SYSTEMPATH\Common.php(1134): CodeIgniter\View\View->render('dashboard/usuario', [], true)
 3 APPPATH\Controllers\UserController.php(16): view('dashboard/usuario', [...])
 4 SYSTEMPATH\CodeIgniter.php(927): App\Controllers\UserController->usuario()
 5 SYSTEMPATH\CodeIgniter.php(482): CodeIgniter\CodeIgniter->runController(Object(App\Controllers\UserController))
 6 SYSTEMPATH\CodeIgniter.php(351): CodeIgniter\CodeIgniter->handleRequest(null, Object(Config\Cache), false)
 7 FCPATH\index.php(67): CodeIgniter\CodeIgniter->run()
CRITICAL - 2022-12-15 13:18:58 --> Invalid file: dashboard/usuario.php
in SYSTEMPATH\Exceptions\FrameworkException.php on line 33.
 1 SYSTEMPATH\View\View.php(201): CodeIgniter\Exceptions\FrameworkException::forInvalidFile('dashboard/usuario.php')
 2 SYSTEMPATH\Common.php(1134): CodeIgniter\View\View->render('dashboard/usuario', [], true)
 3 APPPATH\Controllers\UserController.php(16): view('dashboard/usuario', [...])
 4 SYSTEMPATH\CodeIgniter.php(927): App\Controllers\UserController->usuario()
 5 SYSTEMPATH\CodeIgniter.php(482): CodeIgniter\CodeIgniter->runController(Object(App\Controllers\UserController))
 6 SYSTEMPATH\CodeIgniter.php(351): CodeIgniter\CodeIgniter->handleRequest(null, Object(Config\Cache), false)
 7 FCPATH\index.php(67): CodeIgniter\CodeIgniter->run()
CRITICAL - 2022-12-15 13:20:06 --> Invalid file: dashboard/usuario.php
in SYSTEMPATH\Exceptions\FrameworkException.php on line 33.
 1 SYSTEMPATH\View\View.php(201): CodeIgniter\Exceptions\FrameworkException::forInvalidFile('dashboard/usuario.php')
 2 SYSTEMPATH\Common.php(1134): CodeIgniter\View\View->render('dashboard/usuario', [], true)
 3 APPPATH\Controllers\UserController.php(16): view('dashboard/usuario', [...])
 4 SYSTEMPATH\CodeIgniter.php(927): App\Controllers\UserController->usuario()
 5 SYSTEMPATH\CodeIgniter.php(482): CodeIgniter\CodeIgniter->runController(Object(App\Controllers\UserController))
 6 SYSTEMPATH\CodeIgniter.php(351): CodeIgniter\CodeIgniter->handleRequest(null, Object(Config\Cache), false)
 7 FCPATH\index.php(67): CodeIgniter\CodeIgniter->run()
CRITICAL - 2022-12-15 13:20:24 --> Invalid file: dashboard/usuario.php
in SYSTEMPATH\Exceptions\FrameworkException.php on line 33.
 1 SYSTEMPATH\View\View.php(201): CodeIgniter\Exceptions\FrameworkException::forInvalidFile('dashboard/usuario.php')
 2 SYSTEMPATH\Common.php(1134): CodeIgniter\View\View->render('dashboard/usuario', [], true)
 3 APPPATH\Controllers\UserController.php(16): view('dashboard/usuario', [...])
 4 SYSTEMPATH\CodeIgniter.php(927): App\Controllers\UserController->usuario()
 5 SYSTEMPATH\CodeIgniter.php(482): CodeIgniter\CodeIgniter->runController(Object(App\Controllers\UserController))
 6 SYSTEMPATH\CodeIgniter.php(351): CodeIgniter\CodeIgniter->handleRequest(null, Object(Config\Cache), false)
 7 FCPATH\index.php(67): CodeIgniter\CodeIgniter->run()
CRITICAL - 2022-12-15 13:20:37 --> Invalid file: dashboard/usuario.php
in SYSTEMPATH\Exceptions\FrameworkException.php on line 33.
 1 SYSTEMPATH\View\View.php(201): CodeIgniter\Exceptions\FrameworkException::forInvalidFile('dashboard/usuario.php')
 2 SYSTEMPATH\Common.php(1134): CodeIgniter\View\View->render('dashboard/usuario', [], true)
 3 APPPATH\Controllers\UserController.php(16): view('dashboard/usuario', [...])
 4 SYSTEMPATH\CodeIgniter.php(927): App\Controllers\UserController->usuario()
 5 SYSTEMPATH\CodeIgniter.php(482): CodeIgniter\CodeIgniter->runController(Object(App\Controllers\UserController))
 6 SYSTEMPATH\CodeIgniter.php(351): CodeIgniter\CodeIgniter->handleRequest(null, Object(Config\Cache), false)
 7 FCPATH\index.php(67): CodeIgniter\CodeIgniter->run()
CRITICAL - 2022-12-15 13:22:04 --> Invalid file: dashboard/usuario.php
in SYSTEMPATH\Exceptions\FrameworkException.php on line 33.
 1 SYSTEMPATH\View\View.php(201): CodeIgniter\Exceptions\FrameworkException::forInvalidFile('dashboard/usuario.php')
 2 SYSTEMPATH\Common.php(1134): CodeIgniter\View\View->render('dashboard/usuario', [], true)
 3 APPPATH\Controllers\UserController.php(15): view('dashboard/usuario', [...])
 4 SYSTEMPATH\CodeIgniter.php(927): App\Controllers\UserController->index()
 5 SYSTEMPATH\CodeIgniter.php(482): CodeIgniter\CodeIgniter->runController(Object(App\Controllers\UserController))
 6 SYSTEMPATH\CodeIgniter.php(351): CodeIgniter\CodeIgniter->handleRequest(null, Object(Config\Cache), false)
 7 FCPATH\index.php(67): CodeIgniter\CodeIgniter->run()
CRITICAL - 2022-12-15 13:44:30 --> Invalid file: usuarios/usuariod.php
in SYSTEMPATH\Exceptions\FrameworkException.php on line 33.
 1 SYSTEMPATH\View\View.php(201): CodeIgniter\Exceptions\FrameworkException::forInvalidFile('usuarios/usuariod.php')
 2 SYSTEMPATH\Common.php(1134): CodeIgniter\View\View->render('usuarios/usuariod', [], true)
 3 APPPATH\Controllers\UserController.php(11): view('usuarios/usuariod', [...])
 4 SYSTEMPATH\CodeIgniter.php(927): App\Controllers\UserController->index()
 5 SYSTEMPATH\CodeIgniter.php(482): CodeIgniter\CodeIgniter->runController(Object(App\Controllers\UserController))
 6 SYSTEMPATH\CodeIgniter.php(351): CodeIgniter\CodeIgniter->handleRequest(null, Object(Config\Cache), false)
 7 FCPATH\index.php(67): CodeIgniter\CodeIgniter->run()
CRITICAL - 2022-12-15 13:53:27 --> Undefined variable $usuarios
in APPPATH\Views\usuarios\usuario.php on line 58.
 1 APPPATH\Views\usuarios\usuario.php(58): CodeIgniter\Debug\Exceptions->errorHandler(2, 'Undefined variable $usuarios', 'APPPATH\\Views\\usuarios\\usuario.php', 58)
 2 SYSTEMPATH\View\View.php(213): include('APPPATH\\Views\\usuarios\\usuario.php')
 3 SYSTEMPATH\View\View.php(216): CodeIgniter\View\View->CodeIgniter\View\{closure}()
 4 SYSTEMPATH\Common.php(1134): CodeIgniter\View\View->render('usuarios/usuario', [], true)
 5 APPPATH\Controllers\UserController.php(11): view('usuarios/usuario', [...])
 6 SYSTEMPATH\CodeIgniter.php(927): App\Controllers\UserController->index()
 7 SYSTEMPATH\CodeIgniter.php(482): CodeIgniter\CodeIgniter->runController(Object(App\Controllers\UserController))
 8 SYSTEMPATH\CodeIgniter.php(351): CodeIgniter\CodeIgniter->handleRequest(null, Object(Config\Cache), false)
 9 FCPATH\index.php(67): CodeIgniter\CodeIgniter->run()
CRITICAL - 2022-12-15 13:54:12 --> Undefined variable $usuarios
in APPPATH\Views\usuarios\usuario.php on line 58.
 1 APPPATH\Views\usuarios\usuario.php(58): CodeIgniter\Debug\Exceptions->errorHandler(2, 'Undefined variable $usuarios', 'APPPATH\\Views\\usuarios\\usuario.php', 58)
 2 SYSTEMPATH\View\View.php(213): include('APPPATH\\Views\\usuarios\\usuario.php')
 3 SYSTEMPATH\View\View.php(216): CodeIgniter\View\View->CodeIgniter\View\{closure}()
 4 SYSTEMPATH\Common.php(1134): CodeIgniter\View\View->render('usuarios/usuario', [], true)
 5 APPPATH\Controllers\UserController.php(11): view('usuarios/usuario', [...])
 6 SYSTEMPATH\CodeIgniter.php(927): App\Controllers\UserController->index()
 7 SYSTEMPATH\CodeIgniter.php(482): CodeIgniter\CodeIgniter->runController(Object(App\Controllers\UserController))
 8 SYSTEMPATH\CodeIgniter.php(351): CodeIgniter\CodeIgniter->handleRequest(null, Object(Config\Cache), false)
 9 FCPATH\index.php(67): CodeIgniter\CodeIgniter->run()
CRITICAL - 2022-12-15 13:54:17 --> Undefined variable $usuarios
in APPPATH\Views\usuarios\usuario.php on line 58.
 1 APPPATH\Views\usuarios\usuario.php(58): CodeIgniter\Debug\Exceptions->errorHandler(2, 'Undefined variable $usuarios', 'APPPATH\\Views\\usuarios\\usuario.php', 58)
 2 SYSTEMPATH\View\View.php(213): include('APPPATH\\Views\\usuarios\\usuario.php')
 3 SYSTEMPATH\View\View.php(216): CodeIgniter\View\View->CodeIgniter\View\{closure}()
 4 SYSTEMPATH\Common.php(1134): CodeIgniter\View\View->render('usuarios/usuario', [], true)
 5 APPPATH\Controllers\UserController.php(11): view('usuarios/usuario', [...])
 6 SYSTEMPATH\CodeIgniter.php(927): App\Controllers\UserController->index()
 7 SYSTEMPATH\CodeIgniter.php(482): CodeIgniter\CodeIgniter->runController(Object(App\Controllers\UserController))
 8 SYSTEMPATH\CodeIgniter.php(351): CodeIgniter\CodeIgniter->handleRequest(null, Object(Config\Cache), false)
 9 FCPATH\index.php(67): CodeIgniter\CodeIgniter->run()
CRITICAL - 2022-12-15 13:54:50 --> Undefined variable $usuarios
in APPPATH\Views\usuarios\usuario.php on line 58.
 1 APPPATH\Views\usuarios\usuario.php(58): CodeIgniter\Debug\Exceptions->errorHandler(2, 'Undefined variable $usuarios', 'APPPATH\\Views\\usuarios\\usuario.php', 58)
 2 SYSTEMPATH\View\View.php(213): include('APPPATH\\Views\\usuarios\\usuario.php')
 3 SYSTEMPATH\View\View.php(216): CodeIgniter\View\View->CodeIgniter\View\{closure}()
 4 SYSTEMPATH\Common.php(1134): CodeIgniter\View\View->render('usuarios/usuario', [...], true)
 5 APPPATH\Controllers\UserController.php(15): view('usuarios/usuario', [...], [...])
 6 SYSTEMPATH\CodeIgniter.php(927): App\Controllers\UserController->index()
 7 SYSTEMPATH\CodeIgniter.php(482): CodeIgniter\CodeIgniter->runController(Object(App\Controllers\UserController))
 8 SYSTEMPATH\CodeIgniter.php(351): CodeIgniter\CodeIgniter->handleRequest(null, Object(Config\Cache), false)
 9 FCPATH\index.php(67): CodeIgniter\CodeIgniter->run()
CRITICAL - 2022-12-15 13:55:56 --> Undefined variable $usuarios
in APPPATH\Views\usuarios\usuario.php on line 45.
 1 APPPATH\Views\usuarios\usuario.php(45): CodeIgniter\Debug\Exceptions->errorHandler(2, 'Undefined variable $usuarios', 'APPPATH\\Views\\usuarios\\usuario.php', 45)
 2 SYSTEMPATH\View\View.php(213): include('APPPATH\\Views\\usuarios\\usuario.php')
 3 SYSTEMPATH\View\View.php(216): CodeIgniter\View\View->CodeIgniter\View\{closure}()
 4 SYSTEMPATH\Common.php(1134): CodeIgniter\View\View->render('usuarios/usuario', [...], true)
 5 APPPATH\Controllers\UserController.php(15): view('usuarios/usuario', [...], [...])
 6 SYSTEMPATH\CodeIgniter.php(927): App\Controllers\UserController->index()
 7 SYSTEMPATH\CodeIgniter.php(482): CodeIgniter\CodeIgniter->runController(Object(App\Controllers\UserController))
 8 SYSTEMPATH\CodeIgniter.php(351): CodeIgniter\CodeIgniter->handleRequest(null, Object(Config\Cache), false)
 9 FCPATH\index.php(67): CodeIgniter\CodeIgniter->run()
CRITICAL - 2022-12-15 13:58:50 --> Undefined variable $usuarios
in APPPATH\Views\usuarios\usuario.php on line 45.
 1 APPPATH\Views\usuarios\usuario.php(45): CodeIgniter\Debug\Exceptions->errorHandler(2, 'Undefined variable $usuarios', 'APPPATH\\Views\\usuarios\\usuario.php', 45)
 2 SYSTEMPATH\View\View.php(213): include('APPPATH\\Views\\usuarios\\usuario.php')
 3 SYSTEMPATH\View\View.php(216): CodeIgniter\View\View->CodeIgniter\View\{closure}()
 4 SYSTEMPATH\Common.php(1134): CodeIgniter\View\View->render('usuarios/usuario', [...], true)
 5 APPPATH\Controllers\UserController.php(15): view('usuarios/usuario', [...], [...])
 6 SYSTEMPATH\CodeIgniter.php(927): App\Controllers\UserController->index()
 7 SYSTEMPATH\CodeIgniter.php(482): CodeIgniter\CodeIgniter->runController(Object(App\Controllers\UserController))
 8 SYSTEMPATH\CodeIgniter.php(351): CodeIgniter\CodeIgniter->handleRequest(null, Object(Config\Cache), false)
 9 FCPATH\index.php(67): CodeIgniter\CodeIgniter->run()
CRITICAL - 2022-12-15 13:59:11 --> Undefined variable $datos
in APPPATH\Views\usuarios\usuario.php on line 45.
 1 APPPATH\Views\usuarios\usuario.php(45): CodeIgniter\Debug\Exceptions->errorHandler(2, 'Undefined variable $datos', 'APPPATH\\Views\\usuarios\\usuario.php', 45)
 2 SYSTEMPATH\View\View.php(213): include('APPPATH\\Views\\usuarios\\usuario.php')
 3 SYSTEMPATH\View\View.php(216): CodeIgniter\View\View->CodeIgniter\View\{closure}()
 4 SYSTEMPATH\Common.php(1134): CodeIgniter\View\View->render('usuarios/usuario', [...], true)
 5 APPPATH\Controllers\UserController.php(15): view('usuarios/usuario', [...], [...])
 6 SYSTEMPATH\CodeIgniter.php(927): App\Controllers\UserController->index()
 7 SYSTEMPATH\CodeIgniter.php(482): CodeIgniter\CodeIgniter->runController(Object(App\Controllers\UserController))
 8 SYSTEMPATH\CodeIgniter.php(351): CodeIgniter\CodeIgniter->handleRequest(null, Object(Config\Cache), false)
 9 FCPATH\index.php(67): CodeIgniter\CodeIgniter->run()
CRITICAL - 2022-12-15 14:01:08 --> Undefined variable $datos
in APPPATH\Views\usuarios\usuario.php on line 45.
 1 APPPATH\Views\usuarios\usuario.php(45): CodeIgniter\Debug\Exceptions->errorHandler(2, 'Undefined variable $datos', 'APPPATH\\Views\\usuarios\\usuario.php', 45)
 2 SYSTEMPATH\View\View.php(213): include('APPPATH\\Views\\usuarios\\usuario.php')
 3 SYSTEMPATH\View\View.php(216): CodeIgniter\View\View->CodeIgniter\View\{closure}()
 4 SYSTEMPATH\Common.php(1134): CodeIgniter\View\View->render('usuarios/usuario', [...], true)
 5 APPPATH\Controllers\UserController.php(15): view('usuarios/usuario', [...], [...])
 6 SYSTEMPATH\CodeIgniter.php(927): App\Controllers\UserController->index()
 7 SYSTEMPATH\CodeIgniter.php(482): CodeIgniter\CodeIgniter->runController(Object(App\Controllers\UserController))
 8 SYSTEMPATH\CodeIgniter.php(351): CodeIgniter\CodeIgniter->handleRequest(null, Object(Config\Cache), false)
 9 FCPATH\index.php(67): CodeIgniter\CodeIgniter->run()
CRITICAL - 2022-12-15 14:01:22 --> Undefined variable $usuarios
in APPPATH\Views\usuarios\usuario.php on line 45.
 1 APPPATH\Views\usuarios\usuario.php(45): CodeIgniter\Debug\Exceptions->errorHandler(2, 'Undefined variable $usuarios', 'APPPATH\\Views\\usuarios\\usuario.php', 45)
 2 SYSTEMPATH\View\View.php(213): include('APPPATH\\Views\\usuarios\\usuario.php')
 3 SYSTEMPATH\View\View.php(216): CodeIgniter\View\View->CodeIgniter\View\{closure}()
 4 SYSTEMPATH\Common.php(1134): CodeIgniter\View\View->render('usuarios/usuario', [...], true)
 5 APPPATH\Controllers\UserController.php(16): view('usuarios/usuario', [...], [...])
 6 SYSTEMPATH\CodeIgniter.php(927): App\Controllers\UserController->index()
 7 SYSTEMPATH\CodeIgniter.php(482): CodeIgniter\CodeIgniter->runController(Object(App\Controllers\UserController))
 8 SYSTEMPATH\CodeIgniter.php(351): CodeIgniter\CodeIgniter->handleRequest(null, Object(Config\Cache), false)
 9 FCPATH\index.php(67): CodeIgniter\CodeIgniter->run()
CRITICAL - 2022-12-15 14:01:25 --> Undefined variable $usuario
in APPPATH\Views\usuarios\usuario.php on line 45.
 1 APPPATH\Views\usuarios\usuario.php(45): CodeIgniter\Debug\Exceptions->errorHandler(2, 'Undefined variable $usuario', 'APPPATH\\Views\\usuarios\\usuario.php', 45)
 2 SYSTEMPATH\View\View.php(213): include('APPPATH\\Views\\usuarios\\usuario.php')
 3 SYSTEMPATH\View\View.php(216): CodeIgniter\View\View->CodeIgniter\View\{closure}()
 4 SYSTEMPATH\Common.php(1134): CodeIgniter\View\View->render('usuarios/usuario', [...], true)
 5 APPPATH\Controllers\UserController.php(16): view('usuarios/usuario', [...], [...])
 6 SYSTEMPATH\CodeIgniter.php(927): App\Controllers\UserController->index()
 7 SYSTEMPATH\CodeIgniter.php(482): CodeIgniter\CodeIgniter->runController(Object(App\Controllers\UserController))
 8 SYSTEMPATH\CodeIgniter.php(351): CodeIgniter\CodeIgniter->handleRequest(null, Object(Config\Cache), false)
 9 FCPATH\index.php(67): CodeIgniter\CodeIgniter->run()
CRITICAL - 2022-12-15 14:01:30 --> Undefined variable $usuarios
in APPPATH\Views\usuarios\usuario.php on line 45.
 1 APPPATH\Views\usuarios\usuario.php(45): CodeIgniter\Debug\Exceptions->errorHandler(2, 'Undefined variable $usuarios', 'APPPATH\\Views\\usuarios\\usuario.php', 45)
 2 SYSTEMPATH\View\View.php(213): include('APPPATH\\Views\\usuarios\\usuario.php')
 3 SYSTEMPATH\View\View.php(216): CodeIgniter\View\View->CodeIgniter\View\{closure}()
 4 SYSTEMPATH\Common.php(1134): CodeIgniter\View\View->render('usuarios/usuario', [...], true)
 5 APPPATH\Controllers\UserController.php(16): view('usuarios/usuario', [...], [...])
 6 SYSTEMPATH\CodeIgniter.php(927): App\Controllers\UserController->index()
 7 SYSTEMPATH\CodeIgniter.php(482): CodeIgniter\CodeIgniter->runController(Object(App\Controllers\UserController))
 8 SYSTEMPATH\CodeIgniter.php(351): CodeIgniter\CodeIgniter->handleRequest(null, Object(Config\Cache), false)
 9 FCPATH\index.php(67): CodeIgniter\CodeIgniter->run()
CRITICAL - 2022-12-15 14:02:00 --> Undefined variable $usuarios
in APPPATH\Views\usuarios\usuario.php on line 4.
 1 APPPATH\Views\usuarios\usuario.php(4): CodeIgniter\Debug\Exceptions->errorHandler(2, 'Undefined variable $usuarios', 'APPPATH\\Views\\usuarios\\usuario.php', 4)
 2 SYSTEMPATH\View\View.php(213): include('APPPATH\\Views\\usuarios\\usuario.php')
 3 SYSTEMPATH\View\View.php(216): CodeIgniter\View\View->CodeIgniter\View\{closure}()
 4 SYSTEMPATH\Common.php(1134): CodeIgniter\View\View->render('usuarios/usuario', [...], true)
 5 APPPATH\Controllers\UserController.php(16): view('usuarios/usuario', [...], [...])
 6 SYSTEMPATH\CodeIgniter.php(927): App\Controllers\UserController->index()
 7 SYSTEMPATH\CodeIgniter.php(482): CodeIgniter\CodeIgniter->runController(Object(App\Controllers\UserController))
 8 SYSTEMPATH\CodeIgniter.php(351): CodeIgniter\CodeIgniter->handleRequest(null, Object(Config\Cache), false)
 9 FCPATH\index.php(67): CodeIgniter\CodeIgniter->run()
CRITICAL - 2022-12-15 14:03:30 --> view(): Argument #3 ($options) must be of type array, string given, called in C:\xampp\htdocs\sistemRH\app\Controllers\UserController.php on line 16
in SYSTEMPATH\Common.php on line 1120.
 1 APPPATH\Controllers\UserController.php(16): view('usuarios/usuario', [...], 'hola')
 2 SYSTEMPATH\CodeIgniter.php(927): App\Controllers\UserController->index()
 3 SYSTEMPATH\CodeIgniter.php(482): CodeIgniter\CodeIgniter->runController(Object(App\Controllers\UserController))
 4 SYSTEMPATH\CodeIgniter.php(351): CodeIgniter\CodeIgniter->handleRequest(null, Object(Config\Cache), false)
 5 FCPATH\index.php(67): CodeIgniter\CodeIgniter->run()
CRITICAL - 2022-12-15 14:04:04 --> Undefined variable $usuarios
in APPPATH\Views\usuarios\usuario.php on line 4.
 1 APPPATH\Views\usuarios\usuario.php(4): CodeIgniter\Debug\Exceptions->errorHandler(2, 'Undefined variable $usuarios', 'APPPATH\\Views\\usuarios\\usuario.php', 4)
 2 SYSTEMPATH\View\View.php(213): include('APPPATH\\Views\\usuarios\\usuario.php')
 3 SYSTEMPATH\View\View.php(216): CodeIgniter\View\View->CodeIgniter\View\{closure}()
 4 SYSTEMPATH\Common.php(1134): CodeIgniter\View\View->render('usuarios/usuario', [...], true)
 5 APPPATH\Controllers\UserController.php(16): view('usuarios/usuario', [...], [...])
 6 SYSTEMPATH\CodeIgniter.php(927): App\Controllers\UserController->index()
 7 SYSTEMPATH\CodeIgniter.php(482): CodeIgniter\CodeIgniter->runController(Object(App\Controllers\UserController))
 8 SYSTEMPATH\CodeIgniter.php(351): CodeIgniter\CodeIgniter->handleRequest(null, Object(Config\Cache), false)
 9 FCPATH\index.php(67): CodeIgniter\CodeIgniter->run()
CRITICAL - 2022-12-15 14:05:24 --> Undefined variable $pageTitle
in APPPATH\Views\usuarios\usuario.php on line 4.
 1 APPPATH\Views\usuarios\usuario.php(4): CodeIgniter\Debug\Exceptions->errorHandler(2, 'Undefined variable $pageTitle', 'APPPATH\\Views\\usuarios\\usuario.php', 4)
 2 SYSTEMPATH\View\View.php(213): include('APPPATH\\Views\\usuarios\\usuario.php')
 3 SYSTEMPATH\View\View.php(216): CodeIgniter\View\View->CodeIgniter\View\{closure}()
 4 SYSTEMPATH\Common.php(1134): CodeIgniter\View\View->render('usuarios/usuario', [], true)
 5 APPPATH\Controllers\UserController.php(16): view('usuarios/usuario', [...])
 6 SYSTEMPATH\CodeIgniter.php(927): App\Controllers\UserController->index()
 7 SYSTEMPATH\CodeIgniter.php(482): CodeIgniter\CodeIgniter->runController(Object(App\Controllers\UserController))
 8 SYSTEMPATH\CodeIgniter.php(351): CodeIgniter\CodeIgniter->handleRequest(null, Object(Config\Cache), false)
 9 FCPATH\index.php(67): CodeIgniter\CodeIgniter->run()
CRITICAL - 2022-12-15 14:06:59 --> Array to string conversion
in APPPATH\Views\usuarios\usuario.php on line 4.
 1 APPPATH\Views\usuarios\usuario.php(4): CodeIgniter\Debug\Exceptions->errorHandler(2, 'Array to string conversion', 'APPPATH\\Views\\usuarios\\usuario.php', 4)
 2 SYSTEMPATH\View\View.php(213): include('APPPATH\\Views\\usuarios\\usuario.php')
 3 SYSTEMPATH\View\View.php(216): CodeIgniter\View\View->CodeIgniter\View\{closure}()
 4 SYSTEMPATH\Common.php(1134): CodeIgniter\View\View->render('usuarios/usuario', [], true)
 5 APPPATH\Controllers\UserController.php(14): view('usuarios/usuario', [...])
 6 SYSTEMPATH\CodeIgniter.php(927): App\Controllers\UserController->index()
 7 SYSTEMPATH\CodeIgniter.php(482): CodeIgniter\CodeIgniter->runController(Object(App\Controllers\UserController))
 8 SYSTEMPATH\CodeIgniter.php(351): CodeIgniter\CodeIgniter->handleRequest(null, Object(Config\Cache), false)
 9 FCPATH\index.php(67): CodeIgniter\CodeIgniter->run()
CRITICAL - 2022-12-15 17:26:18 --> syntax error, unexpected token "=", expecting "]"
in APPPATH\Controllers\UserController.php on line 21.
 1 SYSTEMPATH\Autoloader\Autoloader.php(259): CodeIgniter\Autoloader\Autoloader->includeFile('APPPATH\\Controllers\\UserController.php')
 2 SYSTEMPATH\Autoloader\Autoloader.php(237): CodeIgniter\Autoloader\Autoloader->loadInNamespace('App\\Controllers\\UserController')
 3 [internal function]: CodeIgniter\Autoloader\Autoloader->loadClass('App\\Controllers\\UserController')
 4 SYSTEMPATH\CodeIgniter.php(877): class_exists('\\App\\Controllers\\UserController', true)
 5 SYSTEMPATH\CodeIgniter.php(469): CodeIgniter\CodeIgniter->startController()
 6 SYSTEMPATH\CodeIgniter.php(351): CodeIgniter\CodeIgniter->handleRequest(null, Object(Config\Cache), false)
 7 FCPATH\index.php(67): CodeIgniter\CodeIgniter->run()
CRITICAL - 2022-12-15 17:27:09 --> syntax error, unexpected token "=>", expecting "]"
in APPPATH\Controllers\UserController.php on line 21.
 1 SYSTEMPATH\Autoloader\Autoloader.php(259): CodeIgniter\Autoloader\Autoloader->includeFile('APPPATH\\Controllers\\UserController.php')
 2 SYSTEMPATH\Autoloader\Autoloader.php(237): CodeIgniter\Autoloader\Autoloader->loadInNamespace('App\\Controllers\\UserController')
 3 [internal function]: CodeIgniter\Autoloader\Autoloader->loadClass('App\\Controllers\\UserController')
 4 SYSTEMPATH\CodeIgniter.php(877): class_exists('\\App\\Controllers\\UserController', true)
 5 SYSTEMPATH\CodeIgniter.php(469): CodeIgniter\CodeIgniter->startController()
 6 SYSTEMPATH\CodeIgniter.php(351): CodeIgniter\CodeIgniter->handleRequest(null, Object(Config\Cache), false)
 7 FCPATH\index.php(67): CodeIgniter\CodeIgniter->run()
CRITICAL - 2022-12-15 17:27:56 --> Allowed fields must be specified for model: App\Models\Usuario
in SYSTEMPATH\BaseModel.php on line 1160.
 1 SYSTEMPATH\BaseModel.php(1160): CodeIgniter\Database\Exceptions\DataException::forInvalidAllowedFields('App\\Models\\Usuario')
 2 SYSTEMPATH\BaseModel.php(724): CodeIgniter\BaseModel->doProtectFields([...])
 3 SYSTEMPATH\Model.php(667): CodeIgniter\BaseModel->insert([...], true)
 4 APPPATH\Controllers\UserController.php(27): CodeIgniter\Model->insert([...])
 5 SYSTEMPATH\CodeIgniter.php(927): App\Controllers\UserController->insertUsuario()
 6 SYSTEMPATH\CodeIgniter.php(482): CodeIgniter\CodeIgniter->runController(Object(App\Controllers\UserController))
 7 SYSTEMPATH\CodeIgniter.php(351): CodeIgniter\CodeIgniter->handleRequest(null, Object(Config\Cache), false)
 8 FCPATH\index.php(67): CodeIgniter\CodeIgniter->run()
CRITICAL - 2022-12-15 17:30:03 --> Allowed fields must be specified for model: App\Models\Usuario
in SYSTEMPATH\BaseModel.php on line 1160.
 1 SYSTEMPATH\BaseModel.php(1160): CodeIgniter\Database\Exceptions\DataException::forInvalidAllowedFields('App\\Models\\Usuario')
 2 SYSTEMPATH\BaseModel.php(724): CodeIgniter\BaseModel->doProtectFields([...])
 3 SYSTEMPATH\Model.php(667): CodeIgniter\BaseModel->insert([...], true)
 4 APPPATH\Controllers\UserController.php(26): CodeIgniter\Model->insert([...])
 5 SYSTEMPATH\CodeIgniter.php(927): App\Controllers\UserController->insertUsuario()
 6 SYSTEMPATH\CodeIgniter.php(482): CodeIgniter\CodeIgniter->runController(Object(App\Controllers\UserController))
 7 SYSTEMPATH\CodeIgniter.php(351): CodeIgniter\CodeIgniter->handleRequest(null, Object(Config\Cache), false)
 8 FCPATH\index.php(67): CodeIgniter\CodeIgniter->run()
CRITICAL - 2022-12-15 17:35:37 --> Allowed fields must be specified for model: App\Models\Usuario
in SYSTEMPATH\BaseModel.php on line 1160.
 1 SYSTEMPATH\BaseModel.php(1160): CodeIgniter\Database\Exceptions\DataException::forInvalidAllowedFields('App\\Models\\Usuario')
 2 SYSTEMPATH\BaseModel.php(724): CodeIgniter\BaseModel->doProtectFields([...])
 3 SYSTEMPATH\Model.php(667): CodeIgniter\BaseModel->insert([...], true)
 4 APPPATH\Controllers\UserController.php(26): CodeIgniter\Model->insert([...])
 5 SYSTEMPATH\CodeIgniter.php(927): App\Controllers\UserController->insertUsuario()
 6 SYSTEMPATH\CodeIgniter.php(482): CodeIgniter\CodeIgniter->runController(Object(App\Controllers\UserController))
 7 SYSTEMPATH\CodeIgniter.php(351): CodeIgniter\CodeIgniter->handleRequest(null, Object(Config\Cache), false)
 8 FCPATH\index.php(67): CodeIgniter\CodeIgniter->run()
CRITICAL - 2022-12-15 17:42:50 --> Allowed fields must be specified for model: App\Models\Usuario
in SYSTEMPATH\BaseModel.php on line 1160.
 1 SYSTEMPATH\BaseModel.php(1160): CodeIgniter\Database\Exceptions\DataException::forInvalidAllowedFields('App\\Models\\Usuario')
 2 SYSTEMPATH\BaseModel.php(724): CodeIgniter\BaseModel->doProtectFields([...])
 3 SYSTEMPATH\Model.php(667): CodeIgniter\BaseModel->insert([...], true)
 4 APPPATH\Controllers\UserController.php(26): CodeIgniter\Model->insert([...])
 5 SYSTEMPATH\CodeIgniter.php(927): App\Controllers\UserController->insertUsuario()
 6 SYSTEMPATH\CodeIgniter.php(482): CodeIgniter\CodeIgniter->runController(Object(App\Controllers\UserController))
 7 SYSTEMPATH\CodeIgniter.php(351): CodeIgniter\CodeIgniter->handleRequest(null, Object(Config\Cache), false)
 8 FCPATH\index.php(67): CodeIgniter\CodeIgniter->run()
CRITICAL - 2022-12-15 17:46:08 --> Allowed fields must be specified for model: App\Models\Usuario
in SYSTEMPATH\BaseModel.php on line 1160.
 1 SYSTEMPATH\BaseModel.php(1160): CodeIgniter\Database\Exceptions\DataException::forInvalidAllowedFields('App\\Models\\Usuario')
 2 SYSTEMPATH\BaseModel.php(724): CodeIgniter\BaseModel->doProtectFields([...])
 3 SYSTEMPATH\Model.php(667): CodeIgniter\BaseModel->insert([...], true)
 4 APPPATH\Controllers\UserController.php(25): CodeIgniter\Model->insert([...])
 5 SYSTEMPATH\CodeIgniter.php(927): App\Controllers\UserController->insertUsuario()
 6 SYSTEMPATH\CodeIgniter.php(482): CodeIgniter\CodeIgniter->runController(Object(App\Controllers\UserController))
 7 SYSTEMPATH\CodeIgniter.php(351): CodeIgniter\CodeIgniter->handleRequest(null, Object(Config\Cache), false)
 8 FCPATH\index.php(67): CodeIgniter\CodeIgniter->run()
CRITICAL - 2022-12-15 17:55:27 --> Allowed fields must be specified for model: App\Models\Usuario
in SYSTEMPATH\BaseModel.php on line 1160.
 1 SYSTEMPATH\BaseModel.php(1160): CodeIgniter\Database\Exceptions\DataException::forInvalidAllowedFields('App\\Models\\Usuario')
 2 SYSTEMPATH\BaseModel.php(724): CodeIgniter\BaseModel->doProtectFields([...])
 3 SYSTEMPATH\Model.php(667): CodeIgniter\BaseModel->insert([...], true)
 4 APPPATH\Controllers\UserController.php(25): CodeIgniter\Model->insert([...])
 5 SYSTEMPATH\CodeIgniter.php(927): App\Controllers\UserController->insertUsuario()
 6 SYSTEMPATH\CodeIgniter.php(482): CodeIgniter\CodeIgniter->runController(Object(App\Controllers\UserController))
 7 SYSTEMPATH\CodeIgniter.php(351): CodeIgniter\CodeIgniter->handleRequest(null, Object(Config\Cache), false)
 8 FCPATH\index.php(67): CodeIgniter\CodeIgniter->run()
