CRITICAL - 2023-03-15 13:35:43 --> Illegal string offset 'id'
in APPPATH/Views/uniformes/uniformes.php on line 203.
 1 APPPATH/Views/uniformes/uniformes.php(203): CodeIgniter\Debug\Exceptions->errorHandler(2, 'Illegal string offset \'id\'', 'APPPATH/Views/uniformes/uniformes.php', 203, [...])
 2 SYSTEMPATH/View/View.php(213): include('APPPATH/Views/uniformes/uniformes.php')
 3 SYSTEMPATH/View/View.php(216): CodeIgniter\View\View->CodeIgniter\View\{closure}()
 4 SYSTEMPATH/Common.php(1134): CodeIgniter\View\View->render('uniformes/uniformes', [], true)
 5 APPPATH/Controllers/UniformeController.php(20): view('uniformes/uniformes', [...])
 6 SYSTEMPATH/CodeIgniter.php(927): App\Controllers\UniformeController->index()
 7 SYSTEMPATH/CodeIgniter.php(482): CodeIgniter\CodeIgniter->runController(Object(App\Controllers\UniformeController))
 8 SYSTEMPATH/CodeIgniter.php(351): CodeIgniter\CodeIgniter->handleRequest(null, Object(Config\Cache), false)
 9 FCPATH/index.php(67): CodeIgniter\CodeIgniter->run()
CRITICAL - 2023-03-15 13:37:27 --> Illegal string offset 'id'
in APPPATH/Views/uniformes/uniformes.php on line 203.
 1 APPPATH/Views/uniformes/uniformes.php(203): CodeIgniter\Debug\Exceptions->errorHandler(2, 'Illegal string offset \'id\'', 'APPPATH/Views/uniformes/uniformes.php', 203, [...])
 2 SYSTEMPATH/View/View.php(213): include('APPPATH/Views/uniformes/uniformes.php')
 3 SYSTEMPATH/View/View.php(216): CodeIgniter\View\View->CodeIgniter\View\{closure}()
 4 SYSTEMPATH/Common.php(1134): CodeIgniter\View\View->render('uniformes/uniformes', [], true)
 5 APPPATH/Controllers/UniformeController.php(20): view('uniformes/uniformes', [...])
 6 SYSTEMPATH/CodeIgniter.php(927): App\Controllers\UniformeController->index()
 7 SYSTEMPATH/CodeIgniter.php(482): CodeIgniter\CodeIgniter->runController(Object(App\Controllers\UniformeController))
 8 SYSTEMPATH/CodeIgniter.php(351): CodeIgniter\CodeIgniter->handleRequest(null, Object(Config\Cache), false)
 9 FCPATH/index.php(67): CodeIgniter\CodeIgniter->run()
CRITICAL - 2023-03-15 13:47:04 --> Illegal string offset 'id'
in APPPATH/Views/hijos/hijos.php on line 166.
 1 APPPATH/Views/hijos/hijos.php(166): CodeIgniter\Debug\Exceptions->errorHandler(2, 'Illegal string offset \'id\'', 'APPPATH/Views/hijos/hijos.php', 166, [...])
 2 SYSTEMPATH/View/View.php(213): include('APPPATH/Views/hijos/hijos.php')
 3 SYSTEMPATH/View/View.php(216): CodeIgniter\View\View->CodeIgniter\View\{closure}()
 4 SYSTEMPATH/Common.php(1134): CodeIgniter\View\View->render('hijos/hijos', [], true)
 5 APPPATH/Controllers/HijoController.php(21): view('hijos/hijos', [...])
 6 SYSTEMPATH/CodeIgniter.php(927): App\Controllers\HijoController->index()
 7 SYSTEMPATH/CodeIgniter.php(482): CodeIgniter\CodeIgniter->runController(Object(App\Controllers\HijoController))
 8 SYSTEMPATH/CodeIgniter.php(351): CodeIgniter\CodeIgniter->handleRequest(null, Object(Config\Cache), false)
 9 FCPATH/index.php(67): CodeIgniter\CodeIgniter->run()
CRITICAL - 2023-03-15 13:58:52 --> Object of class DateTime could not be converted to string
in APPPATH/Views/hijos/hijos.php on line 93.
 1 SYSTEMPATH/View/View.php(213): include()
 2 SYSTEMPATH/View/View.php(216): CodeIgniter\View\View->CodeIgniter\View\{closure}()
 3 SYSTEMPATH/Common.php(1134): CodeIgniter\View\View->render('hijos/hijos', [], true)
 4 APPPATH/Controllers/HijoController.php(22): view('hijos/hijos', [...])
 5 SYSTEMPATH/CodeIgniter.php(927): App\Controllers\HijoController->index()
 6 SYSTEMPATH/CodeIgniter.php(482): CodeIgniter\CodeIgniter->runController(Object(App\Controllers\HijoController))
 7 SYSTEMPATH/CodeIgniter.php(351): CodeIgniter\CodeIgniter->handleRequest(null, Object(Config\Cache), false)
 8 FCPATH/index.php(67): CodeIgniter\CodeIgniter->run()
CRITICAL - 2023-03-15 14:19:38 --> Illegal string offset 'id'
in APPPATH/Views/uniformes/uniformes.php on line 206.
 1 APPPATH/Views/uniformes/uniformes.php(206): CodeIgniter\Debug\Exceptions->errorHandler(2, 'Illegal string offset \'id\'', 'APPPATH/Views/uniformes/uniformes.php', 206, [...])
 2 SYSTEMPATH/View/View.php(213): include('APPPATH/Views/uniformes/uniformes.php')
 3 SYSTEMPATH/View/View.php(216): CodeIgniter\View\View->CodeIgniter\View\{closure}()
 4 SYSTEMPATH/Common.php(1134): CodeIgniter\View\View->render('uniformes/uniformes', [], true)
 5 APPPATH/Controllers/UniformeController.php(20): view('uniformes/uniformes', [...])
 6 SYSTEMPATH/CodeIgniter.php(927): App\Controllers\UniformeController->index()
 7 SYSTEMPATH/CodeIgniter.php(482): CodeIgniter\CodeIgniter->runController(Object(App\Controllers\UniformeController))
 8 SYSTEMPATH/CodeIgniter.php(351): CodeIgniter\CodeIgniter->handleRequest(null, Object(Config\Cache), false)
 9 FCPATH/index.php(67): CodeIgniter\CodeIgniter->run()
CRITICAL - 2023-03-15 14:39:09 --> Invalid argument supplied for foreach()
in APPPATH/Views/uniformes/uniformes.php on line 221.
 1 APPPATH/Views/uniformes/uniformes.php(221): CodeIgniter\Debug\Exceptions->errorHandler(2, 'Invalid argument supplied for foreach()', 'APPPATH/Views/uniformes/uniformes.php', 221, [...])
 2 SYSTEMPATH/View/View.php(213): include('APPPATH/Views/uniformes/uniformes.php')
 3 SYSTEMPATH/View/View.php(216): CodeIgniter\View\View->CodeIgniter\View\{closure}()
 4 SYSTEMPATH/Common.php(1134): CodeIgniter\View\View->render('uniformes/uniformes', [], true)
 5 APPPATH/Controllers/UniformeController.php(21): view('uniformes/uniformes', [...])
 6 SYSTEMPATH/CodeIgniter.php(927): App\Controllers\UniformeController->index()
 7 SYSTEMPATH/CodeIgniter.php(482): CodeIgniter\CodeIgniter->runController(Object(App\Controllers\UniformeController))
 8 SYSTEMPATH/CodeIgniter.php(351): CodeIgniter\CodeIgniter->handleRequest(null, Object(Config\Cache), false)
 9 FCPATH/index.php(67): CodeIgniter\CodeIgniter->run()
CRITICAL - 2023-03-15 14:39:21 --> Invalid argument supplied for foreach()
in APPPATH/Views/uniformes/uniformes.php on line 221.
 1 APPPATH/Views/uniformes/uniformes.php(221): CodeIgniter\Debug\Exceptions->errorHandler(2, 'Invalid argument supplied for foreach()', 'APPPATH/Views/uniformes/uniformes.php', 221, [...])
 2 SYSTEMPATH/View/View.php(213): include('APPPATH/Views/uniformes/uniformes.php')
 3 SYSTEMPATH/View/View.php(216): CodeIgniter\View\View->CodeIgniter\View\{closure}()
 4 SYSTEMPATH/Common.php(1134): CodeIgniter\View\View->render('uniformes/uniformes', [], true)
 5 APPPATH/Controllers/UniformeController.php(21): view('uniformes/uniformes', [...])
 6 SYSTEMPATH/CodeIgniter.php(927): App\Controllers\UniformeController->index()
 7 SYSTEMPATH/CodeIgniter.php(482): CodeIgniter\CodeIgniter->runController(Object(App\Controllers\UniformeController))
 8 SYSTEMPATH/CodeIgniter.php(351): CodeIgniter\CodeIgniter->handleRequest(null, Object(Config\Cache), false)
 9 FCPATH/index.php(67): CodeIgniter\CodeIgniter->run()
CRITICAL - 2023-03-15 14:39:48 --> Invalid argument supplied for foreach()
in APPPATH/Views/uniformes/uniformes.php on line 221.
 1 APPPATH/Views/uniformes/uniformes.php(221): CodeIgniter\Debug\Exceptions->errorHandler(2, 'Invalid argument supplied for foreach()', 'APPPATH/Views/uniformes/uniformes.php', 221, [...])
 2 SYSTEMPATH/View/View.php(213): include('APPPATH/Views/uniformes/uniformes.php')
 3 SYSTEMPATH/View/View.php(216): CodeIgniter\View\View->CodeIgniter\View\{closure}()
 4 SYSTEMPATH/Common.php(1134): CodeIgniter\View\View->render('uniformes/uniformes', [], true)
 5 APPPATH/Controllers/UniformeController.php(21): view('uniformes/uniformes', [...])
 6 SYSTEMPATH/CodeIgniter.php(927): App\Controllers\UniformeController->index()
 7 SYSTEMPATH/CodeIgniter.php(482): CodeIgniter\CodeIgniter->runController(Object(App\Controllers\UniformeController))
 8 SYSTEMPATH/CodeIgniter.php(351): CodeIgniter\CodeIgniter->handleRequest(null, Object(Config\Cache), false)
 9 FCPATH/index.php(67): CodeIgniter\CodeIgniter->run()
CRITICAL - 2023-03-15 14:48:39 --> Call to undefined function value()
in APPPATH/Views/uniformes/uniformes.php on line 234.
 1 SYSTEMPATH/View/View.php(213): include()
 2 SYSTEMPATH/View/View.php(216): CodeIgniter\View\View->CodeIgniter\View\{closure}()
 3 SYSTEMPATH/Common.php(1134): CodeIgniter\View\View->render('uniformes/uniformes', [], true)
 4 APPPATH/Controllers/UniformeController.php(21): view('uniformes/uniformes', [...])
 5 SYSTEMPATH/CodeIgniter.php(927): App\Controllers\UniformeController->index()
 6 SYSTEMPATH/CodeIgniter.php(482): CodeIgniter\CodeIgniter->runController(Object(App\Controllers\UniformeController))
 7 SYSTEMPATH/CodeIgniter.php(351): CodeIgniter\CodeIgniter->handleRequest(null, Object(Config\Cache), false)
 8 FCPATH/index.php(67): CodeIgniter\CodeIgniter->run()
CRITICAL - 2023-03-15 17:35:02 --> Call to a member function update() on null
in APPPATH/Controllers/UniformeController.php on line 90.
 1 SYSTEMPATH/CodeIgniter.php(927): App\Controllers\UniformeController->editarUniforme()
 2 SYSTEMPATH/CodeIgniter.php(482): CodeIgniter\CodeIgniter->runController(Object(App\Controllers\UniformeController))
 3 SYSTEMPATH/CodeIgniter.php(351): CodeIgniter\CodeIgniter->handleRequest(null, Object(Config\Cache), false)
 4 FCPATH/index.php(67): CodeIgniter\CodeIgniter->run()
CRITICAL - 2023-03-15 18:20:54 --> syntax error, unexpected '.22' (T_DNUMBER), expecting ';' or ','
in APPPATH/Views/candidatos/candidatos.php on line 72.
 1 SYSTEMPATH/View/View.php(216): CodeIgniter\View\View->CodeIgniter\View\{closure}()
 2 SYSTEMPATH/Common.php(1134): CodeIgniter\View\View->render('candidatos/candidatos', [], true)
 3 APPPATH/Controllers/CandidatoController.php(17): view('candidatos/candidatos', [...])
 4 SYSTEMPATH/CodeIgniter.php(927): App\Controllers\CandidatoController->index()
 5 SYSTEMPATH/CodeIgniter.php(482): CodeIgniter\CodeIgniter->runController(Object(App\Controllers\CandidatoController))
 6 SYSTEMPATH/CodeIgniter.php(351): CodeIgniter\CodeIgniter->handleRequest(null, Object(Config\Cache), false)
 7 FCPATH/index.php(67): CodeIgniter\CodeIgniter->run()
